Arguments: 
  C:\Program Files\nodejs\node.exe C:\Users\diego\AppData\Roaming\npm\node_modules\yarn\bin\yarn.js add @types/graphql-subscriptions

PATH: 
  C:\Program Files\Microsoft\jdk-17.0.7.7-hotspot\bin;C:\Python311\Scripts\;C:\Python311\;C:\Program Files (x86)\Common Files\Oracle\Java\javapath;C:\Windows\system32;C:\Windows;C:\Windows\System32\Wbem;C:\Windows\System32\WindowsPowerShell\v1.0\;C:\Windows\System32\OpenSSH\;C:\Program Files\nodejs\;C:\ProgramData\chocolatey\bin;C:\Program Files\Git\cmd;;C:\Program Files\Azure Data Studio\bin;C:\Users\diego\AppData\Local\Microsoft\WindowsApps;C:\Users\diego\AppData\Roaming\npm;C:\Users\diego\AppData\Local\Programs\Microsoft VS Code\bin;C:\Program Files\Azure Data Studio\bin

Yarn version: 
  1.22.19

Node version: 
  18.16.0

Platform: 
  win32 x64

Trace: 
  Error: https://registry.yarnpkg.com/@types%2fgraphql-subscriptions: Not found
      at params.callback [as _callback] (C:\Users\diego\AppData\Roaming\npm\node_modules\yarn\lib\cli.js:66145:18)
      at self.callback (C:\Users\diego\AppData\Roaming\npm\node_modules\yarn\lib\cli.js:140890:22)
      at Request.emit (node:events:513:28)
      at Request.<anonymous> (C:\Users\diego\AppData\Roaming\npm\node_modules\yarn\lib\cli.js:141862:10)
      at Request.emit (node:events:513:28)
      at IncomingMessage.<anonymous> (C:\Users\diego\AppData\Roaming\npm\node_modules\yarn\lib\cli.js:141784:12)
      at Object.onceWrapper (node:events:627:28)
      at IncomingMessage.emit (node:events:525:35)
      at endReadableNT (node:internal/streams/readable:1359:12)
      at process.processTicksAndRejections (node:internal/process/task_queues:82:21)

npm manifest: 
  {
    "name": "graphql",
    "version": "1.0.0",
    "description": "",
    "main": "src/index.js",
    "type": "module",
    "scripts": {
      "test": "echo \"Error: no test specified\" && exit 1",
      "compile": "tsc",
      "start": "npm run compile && node ./dist/index.js"
    },
    "author": "",
    "license": "ISC",
    "dependencies": {
      "@apollo/server": "^4.9.3",
      "@graphql-tools/schema": "^10.0.0",
      "body-parser": "^1.20.2",
      "cors": "^2.8.5",
      "express": "^4.18.2",
      "firebase": "^10.3.1",
      "graphql": "^16.8.0",
      "graphql-subscriptions": "^2.0.0",
      "graphql-ws": "^5.14.0",
      "ws": "^8.13.0"
    },
    "devDependencies": {
      "@types/graphql": "^14.5.0",
      "@types/node": "^20.5.9",
      "typescript": "^5.2.2"
    }
  }

yarn manifest: 
  No manifest

Lockfile: 
  # THIS IS AN AUTOGENERATED FILE. DO NOT EDIT THIS FILE DIRECTLY.
  # yarn lockfile v1
  
  
  "@apollo/cache-control-types@^1.0.3":
    version "1.0.3"
    resolved "https://registry.npmjs.org/@apollo/cache-control-types/-/cache-control-types-1.0.3.tgz"
    integrity sha512-F17/vCp7QVwom9eG7ToauIKdAxpSoadsJnqIfyryLFSkLSOEqu+eC5Z3N8OXcUVStuOMcNHlyraRsA6rRICu4g==
  
  "@apollo/protobufjs@1.2.7":
    version "1.2.7"
    resolved "https://registry.npmjs.org/@apollo/protobufjs/-/protobufjs-1.2.7.tgz"
    integrity sha512-Lahx5zntHPZia35myYDBRuF58tlwPskwHc5CWBZC/4bMKB6siTBWwtMrkqXcsNwQiFSzSx5hKdRPUmemrEp3Gg==
    dependencies:
      "@protobufjs/aspromise" "^1.1.2"
      "@protobufjs/base64" "^1.1.2"
      "@protobufjs/codegen" "^2.0.4"
      "@protobufjs/eventemitter" "^1.1.0"
      "@protobufjs/fetch" "^1.1.0"
      "@protobufjs/float" "^1.0.2"
      "@protobufjs/inquire" "^1.1.0"
      "@protobufjs/path" "^1.1.2"
      "@protobufjs/pool" "^1.1.0"
      "@protobufjs/utf8" "^1.1.0"
      "@types/long" "^4.0.0"
      long "^4.0.0"
  
  "@apollo/server-gateway-interface@^1.1.1":
    version "1.1.1"
    resolved "https://registry.npmjs.org/@apollo/server-gateway-interface/-/server-gateway-interface-1.1.1.tgz"
    integrity sha512-pGwCl/po6+rxRmDMFgozKQo2pbsSwE91TpsDBAOgf74CRDPXHHtM88wbwjab0wMMZh95QfR45GGyDIdhY24bkQ==
    dependencies:
      "@apollo/usage-reporting-protobuf" "^4.1.1"
      "@apollo/utils.fetcher" "^2.0.0"
      "@apollo/utils.keyvaluecache" "^2.1.0"
      "@apollo/utils.logger" "^2.0.0"
  
  "@apollo/server@^4.9.3":
    version "4.9.3"
    resolved "https://registry.npmjs.org/@apollo/server/-/server-4.9.3.tgz"
    integrity sha512-U56Sx/UmzR3Es344hQ/Ptf2EJrH+kV4ZPoLmgGjWoiwf2wYQ/pRSvkSXgjOvoyE34wSa8Gh7f92ljfLfY+6q1w==
    dependencies:
      "@apollo/cache-control-types" "^1.0.3"
      "@apollo/server-gateway-interface" "^1.1.1"
      "@apollo/usage-reporting-protobuf" "^4.1.1"
      "@apollo/utils.createhash" "^2.0.0"
      "@apollo/utils.fetcher" "^2.0.0"
      "@apollo/utils.isnodelike" "^2.0.0"
      "@apollo/utils.keyvaluecache" "^2.1.0"
      "@apollo/utils.logger" "^2.0.0"
      "@apollo/utils.usagereporting" "^2.1.0"
      "@apollo/utils.withrequired" "^2.0.0"
      "@graphql-tools/schema" "^9.0.0"
      "@josephg/resolvable" "^1.0.0"
      "@types/express" "^4.17.13"
      "@types/express-serve-static-core" "^4.17.30"
      "@types/node-fetch" "^2.6.1"
      async-retry "^1.2.1"
      body-parser "^1.20.0"
      cors "^2.8.5"
      express "^4.17.1"
      loglevel "^1.6.8"
      lru-cache "^7.10.1"
      negotiator "^0.6.3"
      node-abort-controller "^3.1.1"
      node-fetch "^2.6.7"
      uuid "^9.0.0"
      whatwg-mimetype "^3.0.0"
  
  "@apollo/usage-reporting-protobuf@^4.1.0", "@apollo/usage-reporting-protobuf@^4.1.1":
    version "4.1.1"
    resolved "https://registry.npmjs.org/@apollo/usage-reporting-protobuf/-/usage-reporting-protobuf-4.1.1.tgz"
    integrity sha512-u40dIUePHaSKVshcedO7Wp+mPiZsaU6xjv9J+VyxpoU/zL6Jle+9zWeG98tr/+SZ0nZ4OXhrbb8SNr0rAPpIDA==
    dependencies:
      "@apollo/protobufjs" "1.2.7"
  
  "@apollo/utils.createhash@^2.0.0":
    version "2.0.1"
    resolved "https://registry.npmjs.org/@apollo/utils.createhash/-/utils.createhash-2.0.1.tgz"
    integrity sha512-fQO4/ZOP8LcXWvMNhKiee+2KuKyqIcfHrICA+M4lj/h/Lh1H10ICcUtk6N/chnEo5HXu0yejg64wshdaiFitJg==
    dependencies:
      "@apollo/utils.isnodelike" "^2.0.1"
      sha.js "^2.4.11"
  
  "@apollo/utils.dropunuseddefinitions@^2.0.1":
    version "2.0.1"
    resolved "https://registry.npmjs.org/@apollo/utils.dropunuseddefinitions/-/utils.dropunuseddefinitions-2.0.1.tgz"
    integrity sha512-EsPIBqsSt2BwDsv8Wu76LK5R1KtsVkNoO4b0M5aK0hx+dGg9xJXuqlr7Fo34Dl+y83jmzn+UvEW+t1/GP2melA==
  
  "@apollo/utils.fetcher@^2.0.0":
    version "2.0.1"
    resolved "https://registry.npmjs.org/@apollo/utils.fetcher/-/utils.fetcher-2.0.1.tgz"
    integrity sha512-jvvon885hEyWXd4H6zpWeN3tl88QcWnHp5gWF5OPF34uhvoR+DFqcNxs9vrRaBBSY3qda3Qe0bdud7tz2zGx1A==
  
  "@apollo/utils.isnodelike@^2.0.0", "@apollo/utils.isnodelike@^2.0.1":
    version "2.0.1"
    resolved "https://registry.npmjs.org/@apollo/utils.isnodelike/-/utils.isnodelike-2.0.1.tgz"
    integrity sha512-w41XyepR+jBEuVpoRM715N2ZD0xMD413UiJx8w5xnAZD2ZkSJnMJBoIzauK83kJpSgNuR6ywbV29jG9NmxjK0Q==
  
  "@apollo/utils.keyvaluecache@^2.1.0":
    version "2.1.1"
    resolved "https://registry.npmjs.org/@apollo/utils.keyvaluecache/-/utils.keyvaluecache-2.1.1.tgz"
    integrity sha512-qVo5PvUUMD8oB9oYvq4ViCjYAMWnZ5zZwEjNF37L2m1u528x5mueMlU+Cr1UinupCgdB78g+egA1G98rbJ03Vw==
    dependencies:
      "@apollo/utils.logger" "^2.0.1"
      lru-cache "^7.14.1"
  
  "@apollo/utils.logger@^2.0.0", "@apollo/utils.logger@^2.0.1":
    version "2.0.1"
    resolved "https://registry.npmjs.org/@apollo/utils.logger/-/utils.logger-2.0.1.tgz"
    integrity sha512-YuplwLHaHf1oviidB7MxnCXAdHp3IqYV8n0momZ3JfLniae92eYqMIx+j5qJFX6WKJPs6q7bczmV4lXIsTu5Pg==
  
  "@apollo/utils.printwithreducedwhitespace@^2.0.1":
    version "2.0.1"
    resolved "https://registry.npmjs.org/@apollo/utils.printwithreducedwhitespace/-/utils.printwithreducedwhitespace-2.0.1.tgz"
    integrity sha512-9M4LUXV/fQBh8vZWlLvb/HyyhjJ77/I5ZKu+NBWV/BmYGyRmoEP9EVAy7LCVoY3t8BDcyCAGfxJaLFCSuQkPUg==
  
  "@apollo/utils.removealiases@2.0.1":
    version "2.0.1"
    resolved "https://registry.npmjs.org/@apollo/utils.removealiases/-/utils.removealiases-2.0.1.tgz"
    integrity sha512-0joRc2HBO4u594Op1nev+mUF6yRnxoUH64xw8x3bX7n8QBDYdeYgY4tF0vJReTy+zdn2xv6fMsquATSgC722FA==
  
  "@apollo/utils.sortast@^2.0.1":
    version "2.0.1"
    resolved "https://registry.npmjs.org/@apollo/utils.sortast/-/utils.sortast-2.0.1.tgz"
    integrity sha512-eciIavsWpJ09za1pn37wpsCGrQNXUhM0TktnZmHwO+Zy9O4fu/WdB4+5BvVhFiZYOXvfjzJUcc+hsIV8RUOtMw==
    dependencies:
      lodash.sortby "^4.7.0"
  
  "@apollo/utils.stripsensitiveliterals@^2.0.1":
    version "2.0.1"
    resolved "https://registry.npmjs.org/@apollo/utils.stripsensitiveliterals/-/utils.stripsensitiveliterals-2.0.1.tgz"
    integrity sha512-QJs7HtzXS/JIPMKWimFnUMK7VjkGQTzqD9bKD1h3iuPAqLsxd0mUNVbkYOPTsDhUKgcvUOfOqOJWYohAKMvcSA==
  
  "@apollo/utils.usagereporting@^2.1.0":
    version "2.1.0"
    resolved "https://registry.npmjs.org/@apollo/utils.usagereporting/-/utils.usagereporting-2.1.0.tgz"
    integrity sha512-LPSlBrn+S17oBy5eWkrRSGb98sWmnEzo3DPTZgp8IQc8sJe0prDgDuppGq4NeQlpoqEHz0hQeYHAOA0Z3aQsxQ==
    dependencies:
      "@apollo/usage-reporting-protobuf" "^4.1.0"
      "@apollo/utils.dropunuseddefinitions" "^2.0.1"
      "@apollo/utils.printwithreducedwhitespace" "^2.0.1"
      "@apollo/utils.removealiases" "2.0.1"
      "@apollo/utils.sortast" "^2.0.1"
      "@apollo/utils.stripsensitiveliterals" "^2.0.1"
  
  "@apollo/utils.withrequired@^2.0.0":
    version "2.0.1"
    resolved "https://registry.npmjs.org/@apollo/utils.withrequired/-/utils.withrequired-2.0.1.tgz"
    integrity sha512-YBDiuAX9i1lLc6GeTy1m7DGLFn/gMnvXqlalOIMjM7DeOgIacEjjfwPqb0M1CQ2v11HhR15d1NmxJoRCfrNqcA==
  
  "@firebase/analytics-compat@0.2.6":
    version "0.2.6"
    resolved "https://registry.npmjs.org/@firebase/analytics-compat/-/analytics-compat-0.2.6.tgz"
    integrity sha512-4MqpVLFkGK7NJf/5wPEEP7ePBJatwYpyjgJ+wQHQGHfzaCDgntOnl9rL2vbVGGKCnRqWtZDIWhctB86UWXaX2Q==
    dependencies:
      "@firebase/analytics" "0.10.0"
      "@firebase/analytics-types" "0.8.0"
      "@firebase/component" "0.6.4"
      "@firebase/util" "1.9.3"
      tslib "^2.1.0"
  
  "@firebase/analytics-types@0.8.0":
    version "0.8.0"
    resolved "https://registry.npmjs.org/@firebase/analytics-types/-/analytics-types-0.8.0.tgz"
    integrity sha512-iRP+QKI2+oz3UAh4nPEq14CsEjrjD6a5+fuypjScisAh9kXKFvdJOZJDwk7kikLvWVLGEs9+kIUS4LPQV7VZVw==
  
  "@firebase/analytics@0.10.0":
    version "0.10.0"
    resolved "https://registry.npmjs.org/@firebase/analytics/-/analytics-0.10.0.tgz"
    integrity sha512-Locv8gAqx0e+GX/0SI3dzmBY5e9kjVDtD+3zCFLJ0tH2hJwuCAiL+5WkHuxKj92rqQj/rvkBUCfA1ewlX2hehg==
    dependencies:
      "@firebase/component" "0.6.4"
      "@firebase/installations" "0.6.4"
      "@firebase/logger" "0.4.0"
      "@firebase/util" "1.9.3"
      tslib "^2.1.0"
  
  "@firebase/app-check-compat@0.3.7":
    version "0.3.7"
    resolved "https://registry.npmjs.org/@firebase/app-check-compat/-/app-check-compat-0.3.7.tgz"
    integrity sha512-cW682AxsyP1G+Z0/P7pO/WT2CzYlNxoNe5QejVarW2o5ZxeWSSPAiVEwpEpQR/bUlUmdeWThYTMvBWaopdBsqw==
    dependencies:
      "@firebase/app-check" "0.8.0"
      "@firebase/app-check-types" "0.5.0"
      "@firebase/component" "0.6.4"
      "@firebase/logger" "0.4.0"
      "@firebase/util" "1.9.3"
      tslib "^2.1.0"
  
  "@firebase/app-check-interop-types@0.3.0":
    version "0.3.0"
    resolved "https://registry.npmjs.org/@firebase/app-check-interop-types/-/app-check-interop-types-0.3.0.tgz"
    integrity sha512-xAxHPZPIgFXnI+vb4sbBjZcde7ZluzPPaSK7Lx3/nmuVk4TjZvnL8ONnkd4ERQKL8WePQySU+pRcWkh8rDf5Sg==
  
  "@firebase/app-check-types@0.5.0":
    version "0.5.0"
    resolved "https://registry.npmjs.org/@firebase/app-check-types/-/app-check-types-0.5.0.tgz"
    integrity sha512-uwSUj32Mlubybw7tedRzR24RP8M8JUVR3NPiMk3/Z4bCmgEKTlQBwMXrehDAZ2wF+TsBq0SN1c6ema71U/JPyQ==
  
  "@firebase/app-check@0.8.0":
    version "0.8.0"
    resolved "https://registry.npmjs.org/@firebase/app-check/-/app-check-0.8.0.tgz"
    integrity sha512-dRDnhkcaC2FspMiRK/Vbp+PfsOAEP6ZElGm9iGFJ9fDqHoPs0HOPn7dwpJ51lCFi1+2/7n5pRPGhqF/F03I97g==
    dependencies:
      "@firebase/component" "0.6.4"
      "@firebase/logger" "0.4.0"
      "@firebase/util" "1.9.3"
      tslib "^2.1.0"
  
  "@firebase/app-compat@0.2.18":
    version "0.2.18"
    resolved "https://registry.npmjs.org/@firebase/app-compat/-/app-compat-0.2.18.tgz"
    integrity sha512-zUbAAZHhwmMUyaNFiFr+1Z/sfcxSQBFrRhpjzzpQMTfiV2C/+P0mC3BQA0HsysdGSYOlwrCs5rEGOyarhRU9Kw==
    dependencies:
      "@firebase/app" "0.9.18"
      "@firebase/component" "0.6.4"
      "@firebase/logger" "0.4.0"
      "@firebase/util" "1.9.3"
      tslib "^2.1.0"
  
  "@firebase/app-types@0.9.0":
    version "0.9.0"
    resolved "https://registry.npmjs.org/@firebase/app-types/-/app-types-0.9.0.tgz"
    integrity sha512-AeweANOIo0Mb8GiYm3xhTEBVCmPwTYAu9Hcd2qSkLuga/6+j9b1Jskl5bpiSQWy9eJ/j5pavxj6eYogmnuzm+Q==
  
  "@firebase/app@0.9.18":
    version "0.9.18"
    resolved "https://registry.npmjs.org/@firebase/app/-/app-0.9.18.tgz"
    integrity sha512-SIJi3B/LzNezaEgbFCFIem12+51khkA3iewYljPQPUArWGSAr1cO9NK8TvtJWax5GMKSmQbJPqgi6a+gxHrWGQ==
    dependencies:
      "@firebase/component" "0.6.4"
      "@firebase/logger" "0.4.0"
      "@firebase/util" "1.9.3"
      idb "7.1.1"
      tslib "^2.1.0"
  
  "@firebase/auth-compat@0.4.6":
    version "0.4.6"
    resolved "https://registry.npmjs.org/@firebase/auth-compat/-/auth-compat-0.4.6.tgz"
    integrity sha512-pKp1d4fSf+yoy1EBjTx9ISxlunqhW0vTICk0ByZ3e+Lp6ZIXThfUy4F1hAJlEafD/arM0oepRiAh7LXS1xn/BA==
    dependencies:
      "@firebase/auth" "1.3.0"
      "@firebase/auth-types" "0.12.0"
      "@firebase/component" "0.6.4"
      "@firebase/util" "1.9.3"
      node-fetch "2.6.7"
      tslib "^2.1.0"
  
  "@firebase/auth-interop-types@0.2.1":
    version "0.2.1"
    resolved "https://registry.npmjs.org/@firebase/auth-interop-types/-/auth-interop-types-0.2.1.tgz"
    integrity sha512-VOaGzKp65MY6P5FI84TfYKBXEPi6LmOCSMMzys6o2BN2LOsqy7pCuZCup7NYnfbk5OkkQKzvIfHOzTm0UDpkyg==
  
  "@firebase/auth-types@0.12.0":
    version "0.12.0"
    resolved "https://registry.npmjs.org/@firebase/auth-types/-/auth-types-0.12.0.tgz"
    integrity sha512-pPwaZt+SPOshK8xNoiQlK5XIrS97kFYc3Rc7xmy373QsOJ9MmqXxLaYssP5Kcds4wd2qK//amx/c+A8O2fVeZA==
  
  "@firebase/auth@1.3.0":
    version "1.3.0"
    resolved "https://registry.npmjs.org/@firebase/auth/-/auth-1.3.0.tgz"
    integrity sha512-vjK4CHbY9aWdiVOrKi6mpa8z6uxeaf7LB/MZTHuZOiGHMcUoTGB6TeMbRShyqk1uaMrxhhZ5Ar/dR0965E1qyA==
    dependencies:
      "@firebase/component" "0.6.4"
      "@firebase/logger" "0.4.0"
      "@firebase/util" "1.9.3"
      node-fetch "2.6.7"
      tslib "^2.1.0"
  
  "@firebase/component@0.6.4":
    version "0.6.4"
    resolved "https://registry.npmjs.org/@firebase/component/-/component-0.6.4.tgz"
    integrity sha512-rLMyrXuO9jcAUCaQXCMjCMUsWrba5fzHlNK24xz5j2W6A/SRmK8mZJ/hn7V0fViLbxC0lPMtrK1eYzk6Fg03jA==
    dependencies:
      "@firebase/util" "1.9.3"
      tslib "^2.1.0"
  
  "@firebase/database-compat@1.0.1":
    version "1.0.1"
    resolved "https://registry.npmjs.org/@firebase/database-compat/-/database-compat-1.0.1.tgz"
    integrity sha512-ky82yLIboLxtAIWyW/52a6HLMVTzD2kpZlEilVDok73pNPLjkJYowj8iaIWK5nTy7+6Gxt7d00zfjL6zckGdXQ==
    dependencies:
      "@firebase/component" "0.6.4"
      "@firebase/database" "1.0.1"
      "@firebase/database-types" "1.0.0"
      "@firebase/logger" "0.4.0"
      "@firebase/util" "1.9.3"
      tslib "^2.1.0"
  
  "@firebase/database-types@1.0.0":
    version "1.0.0"
    resolved "https://registry.npmjs.org/@firebase/database-types/-/database-types-1.0.0.tgz"
    integrity sha512-SjnXStoE0Q56HcFgNQ+9SsmJc0c8TqGARdI/T44KXy+Ets3r6x/ivhQozT66bMnCEjJRywYoxNurRTMlZF8VNg==
    dependencies:
      "@firebase/app-types" "0.9.0"
      "@firebase/util" "1.9.3"
  
  "@firebase/database@1.0.1":
    version "1.0.1"
    resolved "https://registry.npmjs.org/@firebase/database/-/database-1.0.1.tgz"
    integrity sha512-VAhF7gYwunW4Lw/+RQZvW8dlsf2r0YYqV9W0Gi2Mz8+0TGg1mBJWoUtsHfOr8kPJXhcLsC4eP/z3x6L/Fvjk/A==
    dependencies:
      "@firebase/auth-interop-types" "0.2.1"
      "@firebase/component" "0.6.4"
      "@firebase/logger" "0.4.0"
      "@firebase/util" "1.9.3"
      faye-websocket "0.11.4"
      tslib "^2.1.0"
  
  "@firebase/firestore-compat@0.3.17":
    version "0.3.17"
    resolved "https://registry.npmjs.org/@firebase/firestore-compat/-/firestore-compat-0.3.17.tgz"
    integrity sha512-Qh3tbE4vkn9XvyWnRaJM/v4vhCZ+btk2RZcq037o6oECHohaCFortevd/SKA4vA5yOx0/DwARIEv6XwgHkVucg==
    dependencies:
      "@firebase/component" "0.6.4"
      "@firebase/firestore" "4.1.3"
      "@firebase/firestore-types" "3.0.0"
      "@firebase/util" "1.9.3"
      tslib "^2.1.0"
  
  "@firebase/firestore-types@3.0.0":
    version "3.0.0"
    resolved "https://registry.npmjs.org/@firebase/firestore-types/-/firestore-types-3.0.0.tgz"
    integrity sha512-Meg4cIezHo9zLamw0ymFYBD4SMjLb+ZXIbuN7T7ddXN6MGoICmOTq3/ltdCGoDCS2u+H1XJs2u/cYp75jsX9Qw==
  
  "@firebase/firestore@4.1.3":
    version "4.1.3"
    resolved "https://registry.npmjs.org/@firebase/firestore/-/firestore-4.1.3.tgz"
    integrity sha512-3kw/oZrLAIHuSDTAlKguZ1e0hAgWgiBl4QQm2mIPBvBAs++iEkuv9DH2tr6rbYpT6dWtdn6jj0RN0XeqOouJRg==
    dependencies:
      "@firebase/component" "0.6.4"
      "@firebase/logger" "0.4.0"
      "@firebase/util" "1.9.3"
      "@firebase/webchannel-wrapper" "0.10.2"
      "@grpc/grpc-js" "~1.8.17"
      "@grpc/proto-loader" "^0.7.8"
      node-fetch "2.6.7"
      tslib "^2.1.0"
  
  "@firebase/functions-compat@0.3.5":
    version "0.3.5"
    resolved "https://registry.npmjs.org/@firebase/functions-compat/-/functions-compat-0.3.5.tgz"
    integrity sha512-uD4jwgwVqdWf6uc3NRKF8cSZ0JwGqSlyhPgackyUPe+GAtnERpS4+Vr66g0b3Gge0ezG4iyHo/EXW/Hjx7QhHw==
    dependencies:
      "@firebase/component" "0.6.4"
      "@firebase/functions" "0.10.0"
      "@firebase/functions-types" "0.6.0"
      "@firebase/util" "1.9.3"
      tslib "^2.1.0"
  
  "@firebase/functions-types@0.6.0":
    version "0.6.0"
    resolved "https://registry.npmjs.org/@firebase/functions-types/-/functions-types-0.6.0.tgz"
    integrity sha512-hfEw5VJtgWXIRf92ImLkgENqpL6IWpYaXVYiRkFY1jJ9+6tIhWM7IzzwbevwIIud/jaxKVdRzD7QBWfPmkwCYw==
  
  "@firebase/functions@0.10.0":
    version "0.10.0"
    resolved "https://registry.npmjs.org/@firebase/functions/-/functions-0.10.0.tgz"
    integrity sha512-2U+fMNxTYhtwSpkkR6WbBcuNMOVaI7MaH3cZ6UAeNfj7AgEwHwMIFLPpC13YNZhno219F0lfxzTAA0N62ndWzA==
    dependencies:
      "@firebase/app-check-interop-types" "0.3.0"
      "@firebase/auth-interop-types" "0.2.1"
      "@firebase/component" "0.6.4"
      "@firebase/messaging-interop-types" "0.2.0"
      "@firebase/util" "1.9.3"
      node-fetch "2.6.7"
      tslib "^2.1.0"
  
  "@firebase/installations-compat@0.2.4":
    version "0.2.4"
    resolved "https://registry.npmjs.org/@firebase/installations-compat/-/installations-compat-0.2.4.tgz"
    integrity sha512-LI9dYjp0aT9Njkn9U4JRrDqQ6KXeAmFbRC0E7jI7+hxl5YmRWysq5qgQl22hcWpTk+cm3es66d/apoDU/A9n6Q==
    dependencies:
      "@firebase/component" "0.6.4"
      "@firebase/installations" "0.6.4"
      "@firebase/installations-types" "0.5.0"
      "@firebase/util" "1.9.3"
      tslib "^2.1.0"
  
  "@firebase/installations-types@0.5.0":
    version "0.5.0"
    resolved "https://registry.npmjs.org/@firebase/installations-types/-/installations-types-0.5.0.tgz"
    integrity sha512-9DP+RGfzoI2jH7gY4SlzqvZ+hr7gYzPODrbzVD82Y12kScZ6ZpRg/i3j6rleto8vTFC8n6Len4560FnV1w2IRg==
  
  "@firebase/installations@0.6.4":
    version "0.6.4"
    resolved "https://registry.npmjs.org/@firebase/installations/-/installations-0.6.4.tgz"
    integrity sha512-u5y88rtsp7NYkCHC3ElbFBrPtieUybZluXyzl7+4BsIz4sqb4vSAuwHEUgCgCeaQhvsnxDEU6icly8U9zsJigA==
    dependencies:
      "@firebase/component" "0.6.4"
      "@firebase/util" "1.9.3"
      idb "7.0.1"
      tslib "^2.1.0"
  
  "@firebase/logger@0.4.0":
    version "0.4.0"
    resolved "https://registry.npmjs.org/@firebase/logger/-/logger-0.4.0.tgz"
    integrity sha512-eRKSeykumZ5+cJPdxxJRgAC3G5NknY2GwEbKfymdnXtnT0Ucm4pspfR6GT4MUQEDuJwRVbVcSx85kgJulMoFFA==
    dependencies:
      tslib "^2.1.0"
  
  "@firebase/messaging-compat@0.2.4":
    version "0.2.4"
    resolved "https://registry.npmjs.org/@firebase/messaging-compat/-/messaging-compat-0.2.4.tgz"
    integrity sha512-lyFjeUhIsPRYDPNIkYX1LcZMpoVbBWXX4rPl7c/rqc7G+EUea7IEtSt4MxTvh6fDfPuzLn7+FZADfscC+tNMfg==
    dependencies:
      "@firebase/component" "0.6.4"
      "@firebase/messaging" "0.12.4"
      "@firebase/util" "1.9.3"
      tslib "^2.1.0"
  
  "@firebase/messaging-interop-types@0.2.0":
    version "0.2.0"
    resolved "https://registry.npmjs.org/@firebase/messaging-interop-types/-/messaging-interop-types-0.2.0.tgz"
    integrity sha512-ujA8dcRuVeBixGR9CtegfpU4YmZf3Lt7QYkcj693FFannwNuZgfAYaTmbJ40dtjB81SAu6tbFPL9YLNT15KmOQ==
  
  "@firebase/messaging@0.12.4":
    version "0.12.4"
    resolved "https://registry.npmjs.org/@firebase/messaging/-/messaging-0.12.4.tgz"
    integrity sha512-6JLZct6zUaex4g7HI3QbzeUrg9xcnmDAPTWpkoMpd/GoSVWH98zDoWXMGrcvHeCAIsLpFMe4MPoZkJbrPhaASw==
    dependencies:
      "@firebase/component" "0.6.4"
      "@firebase/installations" "0.6.4"
      "@firebase/messaging-interop-types" "0.2.0"
      "@firebase/util" "1.9.3"
      idb "7.0.1"
      tslib "^2.1.0"
  
  "@firebase/performance-compat@0.2.4":
    version "0.2.4"
    resolved "https://registry.npmjs.org/@firebase/performance-compat/-/performance-compat-0.2.4.tgz"
    integrity sha512-nnHUb8uP9G8islzcld/k6Bg5RhX62VpbAb/Anj7IXs/hp32Eb2LqFPZK4sy3pKkBUO5wcrlRWQa6wKOxqlUqsg==
    dependencies:
      "@firebase/component" "0.6.4"
      "@firebase/logger" "0.4.0"
      "@firebase/performance" "0.6.4"
      "@firebase/performance-types" "0.2.0"
      "@firebase/util" "1.9.3"
      tslib "^2.1.0"
  
  "@firebase/performance-types@0.2.0":
    version "0.2.0"
    resolved "https://registry.npmjs.org/@firebase/performance-types/-/performance-types-0.2.0.tgz"
    integrity sha512-kYrbr8e/CYr1KLrLYZZt2noNnf+pRwDq2KK9Au9jHrBMnb0/C9X9yWSXmZkFt4UIdsQknBq8uBB7fsybZdOBTA==
  
  "@firebase/performance@0.6.4":
    version "0.6.4"
    resolved "https://registry.npmjs.org/@firebase/performance/-/performance-0.6.4.tgz"
    integrity sha512-HfTn/bd8mfy/61vEqaBelNiNnvAbUtME2S25A67Nb34zVuCSCRIX4SseXY6zBnOFj3oLisaEqhVcJmVPAej67g==
    dependencies:
      "@firebase/component" "0.6.4"
      "@firebase/installations" "0.6.4"
      "@firebase/logger" "0.4.0"
      "@firebase/util" "1.9.3"
      tslib "^2.1.0"
  
  "@firebase/remote-config-compat@0.2.4":
    version "0.2.4"
    resolved "https://registry.npmjs.org/@firebase/remote-config-compat/-/remote-config-compat-0.2.4.tgz"
    integrity sha512-FKiki53jZirrDFkBHglB3C07j5wBpitAaj8kLME6g8Mx+aq7u9P7qfmuSRytiOItADhWUj7O1JIv7n9q87SuwA==
    dependencies:
      "@firebase/component" "0.6.4"
      "@firebase/logger" "0.4.0"
      "@firebase/remote-config" "0.4.4"
      "@firebase/remote-config-types" "0.3.0"
      "@firebase/util" "1.9.3"
      tslib "^2.1.0"
  
  "@firebase/remote-config-types@0.3.0":
    version "0.3.0"
    resolved "https://registry.npmjs.org/@firebase/remote-config-types/-/remote-config-types-0.3.0.tgz"
    integrity sha512-RtEH4vdcbXZuZWRZbIRmQVBNsE7VDQpet2qFvq6vwKLBIQRQR5Kh58M4ok3A3US8Sr3rubYnaGqZSurCwI8uMA==
  
  "@firebase/remote-config@0.4.4":
    version "0.4.4"
    resolved "https://registry.npmjs.org/@firebase/remote-config/-/remote-config-0.4.4.tgz"
    integrity sha512-x1ioTHGX8ZwDSTOVp8PBLv2/wfwKzb4pxi0gFezS5GCJwbLlloUH4YYZHHS83IPxnua8b6l0IXUaWd0RgbWwzQ==
    dependencies:
      "@firebase/component" "0.6.4"
      "@firebase/installations" "0.6.4"
      "@firebase/logger" "0.4.0"
      "@firebase/util" "1.9.3"
      tslib "^2.1.0"
  
  "@firebase/storage-compat@0.3.2":
    version "0.3.2"
    resolved "https://registry.npmjs.org/@firebase/storage-compat/-/storage-compat-0.3.2.tgz"
    integrity sha512-wvsXlLa9DVOMQJckbDNhXKKxRNNewyUhhbXev3t8kSgoCotd1v3MmqhKKz93ePhDnhHnDs7bYHy+Qa8dRY6BXw==
    dependencies:
      "@firebase/component" "0.6.4"
      "@firebase/storage" "0.11.2"
      "@firebase/storage-types" "0.8.0"
      "@firebase/util" "1.9.3"
      tslib "^2.1.0"
  
  "@firebase/storage-types@0.8.0":
    version "0.8.0"
    resolved "https://registry.npmjs.org/@firebase/storage-types/-/storage-types-0.8.0.tgz"
    integrity sha512-isRHcGrTs9kITJC0AVehHfpraWFui39MPaU7Eo8QfWlqW7YPymBmRgjDrlOgFdURh6Cdeg07zmkLP5tzTKRSpg==
  
  "@firebase/storage@0.11.2":
    version "0.11.2"
    resolved "https://registry.npmjs.org/@firebase/storage/-/storage-0.11.2.tgz"
    integrity sha512-CtvoFaBI4hGXlXbaCHf8humajkbXhs39Nbh6MbNxtwJiCqxPy9iH3D3CCfXAvP0QvAAwmJUTK3+z9a++Kc4nkA==
    dependencies:
      "@firebase/component" "0.6.4"
      "@firebase/util" "1.9.3"
      node-fetch "2.6.7"
      tslib "^2.1.0"
  
  "@firebase/util@1.9.3":
    version "1.9.3"
    resolved "https://registry.npmjs.org/@firebase/util/-/util-1.9.3.tgz"
    integrity sha512-DY02CRhOZwpzO36fHpuVysz6JZrscPiBXD0fXp6qSrL9oNOx5KWICKdR95C0lSITzxp0TZosVyHqzatE8JbcjA==
    dependencies:
      tslib "^2.1.0"
  
  "@firebase/webchannel-wrapper@0.10.2":
    version "0.10.2"
    resolved "https://registry.npmjs.org/@firebase/webchannel-wrapper/-/webchannel-wrapper-0.10.2.tgz"
    integrity sha512-xDxhD9++451HuCv3xKBEdSYaArX9NcokODXZYH/MxGw1XFFOz7OKkTRItZ5wf6npBN/inwp8dUZCP7SpAg46yQ==
  
  "@graphql-tools/merge@^8.4.1":
    version "8.4.2"
    resolved "https://registry.npmjs.org/@graphql-tools/merge/-/merge-8.4.2.tgz"
    integrity sha512-XbrHAaj8yDuINph+sAfuq3QCZ/tKblrTLOpirK0+CAgNlZUCHs0Fa+xtMUURgwCVThLle1AF7svJCxFizygLsw==
    dependencies:
      "@graphql-tools/utils" "^9.2.1"
      tslib "^2.4.0"
  
  "@graphql-tools/merge@^9.0.0":
    version "9.0.0"
    resolved "https://registry.npmjs.org/@graphql-tools/merge/-/merge-9.0.0.tgz"
    integrity sha512-J7/xqjkGTTwOJmaJQJ2C+VDBDOWJL3lKrHJN4yMaRLAJH3PosB7GiPRaSDZdErs0+F77sH2MKs2haMMkywzx7Q==
    dependencies:
      "@graphql-tools/utils" "^10.0.0"
      tslib "^2.4.0"
  
  "@graphql-tools/schema@^10.0.0":
    version "10.0.0"
    resolved "https://registry.npmjs.org/@graphql-tools/schema/-/schema-10.0.0.tgz"
    integrity sha512-kf3qOXMFcMs2f/S8Y3A8fm/2w+GaHAkfr3Gnhh2LOug/JgpY/ywgFVxO3jOeSpSEdoYcDKLcXVjMigNbY4AdQg==
    dependencies:
      "@graphql-tools/merge" "^9.0.0"
      "@graphql-tools/utils" "^10.0.0"
      tslib "^2.4.0"
      value-or-promise "^1.0.12"
  
  "@graphql-tools/schema@^9.0.0":
    version "9.0.19"
    resolved "https://registry.npmjs.org/@graphql-tools/schema/-/schema-9.0.19.tgz"
    integrity sha512-oBRPoNBtCkk0zbUsyP4GaIzCt8C0aCI4ycIRUL67KK5pOHljKLBBtGT+Jr6hkzA74C8Gco8bpZPe7aWFjiaK2w==
    dependencies:
      "@graphql-tools/merge" "^8.4.1"
      "@graphql-tools/utils" "^9.2.1"
      tslib "^2.4.0"
      value-or-promise "^1.0.12"
  
  "@graphql-tools/utils@^10.0.0":
    version "10.0.6"
    resolved "https://registry.npmjs.org/@graphql-tools/utils/-/utils-10.0.6.tgz"
    integrity sha512-hZMjl/BbX10iagovakgf3IiqArx8TPsotq5pwBld37uIX1JiZoSbgbCIFol7u55bh32o6cfDEiiJgfAD5fbeyQ==
    dependencies:
      "@graphql-typed-document-node/core" "^3.1.1"
      dset "^3.1.2"
      tslib "^2.4.0"
  
  "@graphql-tools/utils@^9.2.1":
    version "9.2.1"
    resolved "https://registry.npmjs.org/@graphql-tools/utils/-/utils-9.2.1.tgz"
    integrity sha512-WUw506Ql6xzmOORlriNrD6Ugx+HjVgYxt9KCXD9mHAak+eaXSwuGGPyE60hy9xaDEoXKBsG7SkG69ybitaVl6A==
    dependencies:
      "@graphql-typed-document-node/core" "^3.1.1"
      tslib "^2.4.0"
  
  "@graphql-typed-document-node/core@^3.1.1":
    version "3.2.0"
    resolved "https://registry.npmjs.org/@graphql-typed-document-node/core/-/core-3.2.0.tgz"
    integrity sha512-mB9oAsNCm9aM3/SOv4YtBMqZbYj10R7dkq8byBqxGY/ncFwhf2oQzMV+LCRlWoDSEBJ3COiR1yeDvMtsoOsuFQ==
  
  "@grpc/grpc-js@~1.8.17":
    version "1.8.21"
    resolved "https://registry.npmjs.org/@grpc/grpc-js/-/grpc-js-1.8.21.tgz"
    integrity sha512-KeyQeZpxeEBSqFVTi3q2K7PiPXmgBfECc4updA1ejCLjYmoAlvvM3ZMp5ztTDUCUQmoY3CpDxvchjO1+rFkoHg==
    dependencies:
      "@grpc/proto-loader" "^0.7.0"
      "@types/node" ">=12.12.47"
  
  "@grpc/proto-loader@^0.7.0", "@grpc/proto-loader@^0.7.8":
    version "0.7.9"
    resolved "https://registry.npmjs.org/@grpc/proto-loader/-/proto-loader-0.7.9.tgz"
    integrity sha512-YJsOehVXzgurc+lLAxYnlSMc1p/Gu6VAvnfx0ATi2nzvr0YZcjhmZDeY8SeAKv1M7zE3aEJH0Xo9mK1iZ8GYoQ==
    dependencies:
      lodash.camelcase "^4.3.0"
      long "^5.0.0"
      protobufjs "^7.2.4"
      yargs "^17.7.2"
  
  "@josephg/resolvable@^1.0.0":
    version "1.0.1"
    resolved "https://registry.npmjs.org/@josephg/resolvable/-/resolvable-1.0.1.tgz"
    integrity sha512-CtzORUwWTTOTqfVtHaKRJ0I1kNQd1bpn3sUh8I3nJDVY+5/M/Oe1DnEWzPQvqq/xPIIkzzzIP7mfCoAjFRvDhg==
  
  "@protobufjs/aspromise@^1.1.1", "@protobufjs/aspromise@^1.1.2":
    version "1.1.2"
    resolved "https://registry.npmjs.org/@protobufjs/aspromise/-/aspromise-1.1.2.tgz"
    integrity sha512-j+gKExEuLmKwvz3OgROXtrJ2UG2x8Ch2YZUxahh+s1F2HZ+wAceUNLkvy6zKCPVRkU++ZWQrdxsUeQXmcg4uoQ==
  
  "@protobufjs/base64@^1.1.2":
    version "1.1.2"
    resolved "https://registry.npmjs.org/@protobufjs/base64/-/base64-1.1.2.tgz"
    integrity sha512-AZkcAA5vnN/v4PDqKyMR5lx7hZttPDgClv83E//FMNhR2TMcLUhfRUBHCmSl0oi9zMgDDqRUJkSxO3wm85+XLg==
  
  "@protobufjs/codegen@^2.0.4":
    version "2.0.4"
    resolved "https://registry.npmjs.org/@protobufjs/codegen/-/codegen-2.0.4.tgz"
    integrity sha512-YyFaikqM5sH0ziFZCN3xDC7zeGaB/d0IUb9CATugHWbd1FRFwWwt4ld4OYMPWu5a3Xe01mGAULCdqhMlPl29Jg==
  
  "@protobufjs/eventemitter@^1.1.0":
    version "1.1.0"
    resolved "https://registry.npmjs.org/@protobufjs/eventemitter/-/eventemitter-1.1.0.tgz"
    integrity sha512-j9ednRT81vYJ9OfVuXG6ERSTdEL1xVsNgqpkxMsbIabzSo3goCjDIveeGv5d03om39ML71RdmrGNjG5SReBP/Q==
  
  "@protobufjs/fetch@^1.1.0":
    version "1.1.0"
    resolved "https://registry.npmjs.org/@protobufjs/fetch/-/fetch-1.1.0.tgz"
    integrity sha512-lljVXpqXebpsijW71PZaCYeIcE5on1w5DlQy5WH6GLbFryLUrBD4932W/E2BSpfRJWseIL4v/KPgBFxDOIdKpQ==
    dependencies:
      "@protobufjs/aspromise" "^1.1.1"
      "@protobufjs/inquire" "^1.1.0"
  
  "@protobufjs/float@^1.0.2":
    version "1.0.2"
    resolved "https://registry.npmjs.org/@protobufjs/float/-/float-1.0.2.tgz"
    integrity sha512-Ddb+kVXlXst9d+R9PfTIxh1EdNkgoRe5tOX6t01f1lYWOvJnSPDBlG241QLzcyPdoNTsblLUdujGSE4RzrTZGQ==
  
  "@protobufjs/inquire@^1.1.0":
    version "1.1.0"
    resolved "https://registry.npmjs.org/@protobufjs/inquire/-/inquire-1.1.0.tgz"
    integrity sha512-kdSefcPdruJiFMVSbn801t4vFK7KB/5gd2fYvrxhuJYg8ILrmn9SKSX2tZdV6V+ksulWqS7aXjBcRXl3wHoD9Q==
  
  "@protobufjs/path@^1.1.2":
    version "1.1.2"
    resolved "https://registry.npmjs.org/@protobufjs/path/-/path-1.1.2.tgz"
    integrity sha512-6JOcJ5Tm08dOHAbdR3GrvP+yUUfkjG5ePsHYczMFLq3ZmMkAD98cDgcT2iA1lJ9NVwFd4tH/iSSoe44YWkltEA==
  
  "@protobufjs/pool@^1.1.0":
    version "1.1.0"
    resolved "https://registry.npmjs.org/@protobufjs/pool/-/pool-1.1.0.tgz"
    integrity sha512-0kELaGSIDBKvcgS4zkjz1PeddatrjYcmMWOlAuAPwAeccUrPHdUqo/J6LiymHHEiJT5NrF1UVwxY14f+fy4WQw==
  
  "@protobufjs/utf8@^1.1.0":
    version "1.1.0"
    resolved "https://registry.npmjs.org/@protobufjs/utf8/-/utf8-1.1.0.tgz"
    integrity sha512-Vvn3zZrhQZkkBE8LSuW3em98c0FwgO4nxzv6OdSxPKJIEKY2bGbHn+mhGIPerzI4twdxaP8/0+06HBpwf345Lw==
  
  "@types/body-parser@*":
    version "1.19.2"
    resolved "https://registry.npmjs.org/@types/body-parser/-/body-parser-1.19.2.tgz"
    integrity sha512-ALYone6pm6QmwZoAgeyNksccT9Q4AWZQ6PvfwR37GT6r6FWUPguq6sUmNGSMV2Wr761oQoBxwGGa6DR5o1DC9g==
    dependencies:
      "@types/connect" "*"
      "@types/node" "*"
  
  "@types/connect@*":
    version "3.4.36"
    resolved "https://registry.npmjs.org/@types/connect/-/connect-3.4.36.tgz"
    integrity sha512-P63Zd/JUGq+PdrM1lv0Wv5SBYeA2+CORvbrXbngriYY0jzLUWfQMQQxOhjONEz/wlHOAxOdY7CY65rgQdTjq2w==
    dependencies:
      "@types/node" "*"
  
  "@types/express-serve-static-core@^4.17.30", "@types/express-serve-static-core@^4.17.33":
    version "4.17.36"
    resolved "https://registry.npmjs.org/@types/express-serve-static-core/-/express-serve-static-core-4.17.36.tgz"
    integrity sha512-zbivROJ0ZqLAtMzgzIUC4oNqDG9iF0lSsAqpOD9kbs5xcIM3dTiyuHvBc7R8MtWBp3AAWGaovJa+wzWPjLYW7Q==
    dependencies:
      "@types/node" "*"
      "@types/qs" "*"
      "@types/range-parser" "*"
      "@types/send" "*"
  
  "@types/express@^4.17.13":
    version "4.17.17"
    resolved "https://registry.npmjs.org/@types/express/-/express-4.17.17.tgz"
    integrity sha512-Q4FmmuLGBG58btUnfS1c1r/NQdlp3DMfGDGig8WhfpA2YRUtEkxAjkZb0yvplJGYdF1fsQ81iMDcH24sSCNC/Q==
    dependencies:
      "@types/body-parser" "*"
      "@types/express-serve-static-core" "^4.17.33"
      "@types/qs" "*"
      "@types/serve-static" "*"
  
  "@types/graphql@^14.5.0":
    version "14.5.0"
    resolved "https://registry.yarnpkg.com/@types/graphql/-/graphql-14.5.0.tgz#a545fb3bc8013a3547cf2f07f5e13a33642b75d6"
    integrity sha512-MOkzsEp1Jk5bXuAsHsUi6BVv0zCO+7/2PTiZMXWDSsMXvNU6w/PLMQT2vHn8hy2i0JqojPz1Sz6rsFjHtsU0lA==
    dependencies:
      graphql "*"
  
  "@types/http-errors@*":
    version "2.0.1"
    resolved "https://registry.npmjs.org/@types/http-errors/-/http-errors-2.0.1.tgz"
    integrity sha512-/K3ds8TRAfBvi5vfjuz8y6+GiAYBZ0x4tXv1Av6CWBWn0IlADc+ZX9pMq7oU0fNQPnBwIZl3rmeLp6SBApbxSQ==
  
  "@types/long@^4.0.0":
    version "4.0.2"
    resolved "https://registry.npmjs.org/@types/long/-/long-4.0.2.tgz"
    integrity sha512-MqTGEo5bj5t157U6fA/BiDynNkn0YknVdh48CMPkTSpFTVmvao5UQmm7uEF6xBEo7qIMAlY/JSleYaE6VOdpaA==
  
  "@types/mime@*":
    version "3.0.1"
    resolved "https://registry.npmjs.org/@types/mime/-/mime-3.0.1.tgz"
    integrity sha512-Y4XFY5VJAuw0FgAqPNd6NNoV44jbq9Bz2L7Rh/J6jLTiHBSBJa9fxqQIvkIld4GsoDOcCbvzOUAbLPsSKKg+uA==
  
  "@types/mime@^1":
    version "1.3.2"
    resolved "https://registry.npmjs.org/@types/mime/-/mime-1.3.2.tgz"
    integrity sha512-YATxVxgRqNH6nHEIsvg6k2Boc1JHI9ZbH5iWFFv/MTkchz3b1ieGDa5T0a9RznNdI0KhVbdbWSN+KWWrQZRxTw==
  
  "@types/node-fetch@^2.6.1":
    version "2.6.4"
    resolved "https://registry.npmjs.org/@types/node-fetch/-/node-fetch-2.6.4.tgz"
    integrity sha512-1ZX9fcN4Rvkvgv4E6PAY5WXUFWFcRWxZa3EW83UjycOB9ljJCedb2CupIP4RZMEwF/M3eTcCihbBRgwtGbg5Rg==
    dependencies:
      "@types/node" "*"
      form-data "^3.0.0"
  
  "@types/node@*", "@types/node@>=12.12.47", "@types/node@>=13.7.0", "@types/node@^20.5.9":
    version "20.5.9"
    resolved "https://registry.npmjs.org/@types/node/-/node-20.5.9.tgz"
    integrity sha512-PcGNd//40kHAS3sTlzKB9C9XL4K0sTup8nbG5lC14kzEteTNuAFh9u5nA0o5TWnSG2r/JNPRXFVcHJIIeRlmqQ==
  
  "@types/qs@*":
    version "6.9.8"
    resolved "https://registry.npmjs.org/@types/qs/-/qs-6.9.8.tgz"
    integrity sha512-u95svzDlTysU5xecFNTgfFG5RUWu1A9P0VzgpcIiGZA9iraHOdSzcxMxQ55DyeRaGCSxQi7LxXDI4rzq/MYfdg==
  
  "@types/range-parser@*":
    version "1.2.4"
    resolved "https://registry.npmjs.org/@types/range-parser/-/range-parser-1.2.4.tgz"
    integrity sha512-EEhsLsD6UsDM1yFhAvy0Cjr6VwmpMWqFBCb9w07wVugF7w9nfajxLuVmngTIpgS6svCnm6Vaw+MZhoDCKnOfsw==
  
  "@types/send@*":
    version "0.17.1"
    resolved "https://registry.npmjs.org/@types/send/-/send-0.17.1.tgz"
    integrity sha512-Cwo8LE/0rnvX7kIIa3QHCkcuF21c05Ayb0ZfxPiv0W8VRiZiNW/WuRupHKpqqGVGf7SUA44QSOUKaEd9lIrd/Q==
    dependencies:
      "@types/mime" "^1"
      "@types/node" "*"
  
  "@types/serve-static@*":
    version "1.15.2"
    resolved "https://registry.npmjs.org/@types/serve-static/-/serve-static-1.15.2.tgz"
    integrity sha512-J2LqtvFYCzaj8pVYKw8klQXrLLk7TBZmQ4ShlcdkELFKGwGMfevMLneMMRkMgZxotOD9wg497LpC7O8PcvAmfw==
    dependencies:
      "@types/http-errors" "*"
      "@types/mime" "*"
      "@types/node" "*"
  
  accepts@~1.3.8:
    version "1.3.8"
    resolved "https://registry.npmjs.org/accepts/-/accepts-1.3.8.tgz"
    integrity sha512-PYAthTa2m2VKxuvSD3DPC/Gy+U+sOA1LAuT8mkmRuvw+NACSaeXEQ+NHcVF7rONl6qcaxV3Uuemwawk+7+SJLw==
    dependencies:
      mime-types "~2.1.34"
      negotiator "0.6.3"
  
  ansi-regex@^5.0.1:
    version "5.0.1"
    resolved "https://registry.npmjs.org/ansi-regex/-/ansi-regex-5.0.1.tgz"
    integrity sha512-quJQXlTSUGL2LH9SUXo8VwsY4soanhgo6LNSm84E1LBcE8s3O0wpdiRzyR9z/ZZJMlMWv37qOOb9pdJlMUEKFQ==
  
  ansi-styles@^4.0.0:
    version "4.3.0"
    resolved "https://registry.npmjs.org/ansi-styles/-/ansi-styles-4.3.0.tgz"
    integrity sha512-zbB9rCJAT1rbjiVDb2hqKFHNYLxgtk8NURxZ3IZwD3F6NtxbXZQCnnSi1Lkx+IDohdPlFp222wVALIheZJQSEg==
    dependencies:
      color-convert "^2.0.1"
  
  array-flatten@1.1.1:
    version "1.1.1"
    resolved "https://registry.npmjs.org/array-flatten/-/array-flatten-1.1.1.tgz"
    integrity sha512-PCVAQswWemu6UdxsDFFX/+gVeYqKAod3D3UVm91jHwynguOwAvYPhx8nNlM++NqRcK6CxxpUafjmhIdKiHibqg==
  
  async-retry@^1.2.1:
    version "1.3.3"
    resolved "https://registry.npmjs.org/async-retry/-/async-retry-1.3.3.tgz"
    integrity sha512-wfr/jstw9xNi/0teMHrRW7dsz3Lt5ARhYNZ2ewpadnhaIp5mbALhOAP+EAdsC7t4Z6wqsDVv9+W6gm1Dk9mEyw==
    dependencies:
      retry "0.13.1"
  
  asynckit@^0.4.0:
    version "0.4.0"
    resolved "https://registry.npmjs.org/asynckit/-/asynckit-0.4.0.tgz"
    integrity sha512-Oei9OH4tRh0YqU3GxhX79dM/mwVgvbZJaSNaRk+bshkj0S5cfHcgYakreBjrHwatXKbz+IoIdYLxrKim2MjW0Q==
  
  body-parser@1.20.1:
    version "1.20.1"
    resolved "https://registry.npmjs.org/body-parser/-/body-parser-1.20.1.tgz"
    integrity sha512-jWi7abTbYwajOytWCQc37VulmWiRae5RyTpaCyDcS5/lMdtwSz5lOpDE67srw/HYe35f1z3fDQw+3txg7gNtWw==
    dependencies:
      bytes "3.1.2"
      content-type "~1.0.4"
      debug "2.6.9"
      depd "2.0.0"
      destroy "1.2.0"
      http-errors "2.0.0"
      iconv-lite "0.4.24"
      on-finished "2.4.1"
      qs "6.11.0"
      raw-body "2.5.1"
      type-is "~1.6.18"
      unpipe "1.0.0"
  
  body-parser@^1.20.0, body-parser@^1.20.2:
    version "1.20.2"
    resolved "https://registry.npmjs.org/body-parser/-/body-parser-1.20.2.tgz"
    integrity sha512-ml9pReCu3M61kGlqoTm2umSXTlRTuGTx0bfYj+uIUKKYycG5NtSbeetV3faSU6R7ajOPw0g/J1PvK4qNy7s5bA==
    dependencies:
      bytes "3.1.2"
      content-type "~1.0.5"
      debug "2.6.9"
      depd "2.0.0"
      destroy "1.2.0"
      http-errors "2.0.0"
      iconv-lite "0.4.24"
      on-finished "2.4.1"
      qs "6.11.0"
      raw-body "2.5.2"
      type-is "~1.6.18"
      unpipe "1.0.0"
  
  bytes@3.1.2:
    version "3.1.2"
    resolved "https://registry.npmjs.org/bytes/-/bytes-3.1.2.tgz"
    integrity sha512-/Nf7TyzTx6S3yRJObOAV7956r8cr2+Oj8AC5dt8wSP3BQAoeX58NoHyCU8P8zGkNXStjTSi6fzO6F0pBdcYbEg==
  
  call-bind@^1.0.0:
    version "1.0.2"
    resolved "https://registry.npmjs.org/call-bind/-/call-bind-1.0.2.tgz"
    integrity sha512-7O+FbCihrB5WGbFYesctwmTKae6rOiIzmz1icreWJ+0aA7LJfuqhEso2T9ncpcFtzMQtzXf2QGGueWJGTYsqrA==
    dependencies:
      function-bind "^1.1.1"
      get-intrinsic "^1.0.2"
  
  cliui@^8.0.1:
    version "8.0.1"
    resolved "https://registry.npmjs.org/cliui/-/cliui-8.0.1.tgz"
    integrity sha512-BSeNnyus75C4//NQ9gQt1/csTXyo/8Sb+afLAkzAptFuMsod9HFokGNudZpi/oQV73hnVK+sR+5PVRMd+Dr7YQ==
    dependencies:
      string-width "^4.2.0"
      strip-ansi "^6.0.1"
      wrap-ansi "^7.0.0"
  
  color-convert@^2.0.1:
    version "2.0.1"
    resolved "https://registry.npmjs.org/color-convert/-/color-convert-2.0.1.tgz"
    integrity sha512-RRECPsj7iu/xb5oKYcsFHSppFNnsj/52OVTRKb4zP5onXwVF3zVmmToNcOfGC+CRDpfK/U584fMg38ZHCaElKQ==
    dependencies:
      color-name "~1.1.4"
  
  color-name@~1.1.4:
    version "1.1.4"
    resolved "https://registry.npmjs.org/color-name/-/color-name-1.1.4.tgz"
    integrity sha512-dOy+3AuW3a2wNbZHIuMZpTcgjGuLU/uBL/ubcZF9OXbDo8ff4O8yVp5Bf0efS8uEoYo5q4Fx7dY9OgQGXgAsQA==
  
  combined-stream@^1.0.8:
    version "1.0.8"
    resolved "https://registry.npmjs.org/combined-stream/-/combined-stream-1.0.8.tgz"
    integrity sha512-FQN4MRfuJeHf7cBbBMJFXhKSDq+2kAArBlmRBvcvFE5BB1HZKXtSFASDhdlz9zOYwxh8lDdnvmMOe/+5cdoEdg==
    dependencies:
      delayed-stream "~1.0.0"
  
  content-disposition@0.5.4:
    version "0.5.4"
    resolved "https://registry.npmjs.org/content-disposition/-/content-disposition-0.5.4.tgz"
    integrity sha512-FveZTNuGw04cxlAiWbzi6zTAL/lhehaWbTtgluJh4/E95DqMwTmha3KZN1aAWA8cFIhHzMZUvLevkw5Rqk+tSQ==
    dependencies:
      safe-buffer "5.2.1"
  
  content-type@~1.0.4, content-type@~1.0.5:
    version "1.0.5"
    resolved "https://registry.npmjs.org/content-type/-/content-type-1.0.5.tgz"
    integrity sha512-nTjqfcBFEipKdXCv4YDQWCfmcLZKm81ldF0pAopTvyrFGVbcR6P/VAAd5G7N+0tTr8QqiU0tFadD6FK4NtJwOA==
  
  cookie-signature@1.0.6:
    version "1.0.6"
    resolved "https://registry.npmjs.org/cookie-signature/-/cookie-signature-1.0.6.tgz"
    integrity sha512-QADzlaHc8icV8I7vbaJXJwod9HWYp8uCqf1xa4OfNu1T7JVxQIrUgOWtHdNDtPiywmFbiS12VjotIXLrKM3orQ==
  
  cookie@0.5.0:
    version "0.5.0"
    resolved "https://registry.npmjs.org/cookie/-/cookie-0.5.0.tgz"
    integrity sha512-YZ3GUyn/o8gfKJlnlX7g7xq4gyO6OSuhGPKaaGssGB2qgDUS0gPgtTvoyZLTt9Ab6dC4hfc9dV5arkvc/OCmrw==
  
  cors@^2.8.5:
    version "2.8.5"
    resolved "https://registry.npmjs.org/cors/-/cors-2.8.5.tgz"
    integrity sha512-KIHbLJqu73RGr/hnbrO9uBeixNGuvSQjul/jdFvS/KFSIH1hWVd1ng7zOHx+YrEfInLG7q4n6GHQ9cDtxv/P6g==
    dependencies:
      object-assign "^4"
      vary "^1"
  
  debug@2.6.9:
    version "2.6.9"
    resolved "https://registry.npmjs.org/debug/-/debug-2.6.9.tgz"
    integrity sha512-bC7ElrdJaJnPbAP+1EotYvqZsb3ecl5wi6Bfi6BJTUcNowp6cvspg0jXznRTKDjm/E7AdgFBVeAPVMNcKGsHMA==
    dependencies:
      ms "2.0.0"
  
  delayed-stream@~1.0.0:
    version "1.0.0"
    resolved "https://registry.npmjs.org/delayed-stream/-/delayed-stream-1.0.0.tgz"
    integrity sha512-ZySD7Nf91aLB0RxL4KGrKHBXl7Eds1DAmEdcoVawXnLD7SDhpNgtuII2aAkg7a7QS41jxPSZ17p4VdGnMHk3MQ==
  
  depd@2.0.0:
    version "2.0.0"
    resolved "https://registry.npmjs.org/depd/-/depd-2.0.0.tgz"
    integrity sha512-g7nH6P6dyDioJogAAGprGpCtVImJhpPk/roCzdb3fIh61/s/nPsfR6onyMwkCAR/OlC3yBC0lESvUoQEAssIrw==
  
  destroy@1.2.0:
    version "1.2.0"
    resolved "https://registry.npmjs.org/destroy/-/destroy-1.2.0.tgz"
    integrity sha512-2sJGJTaXIIaR1w4iJSNoN0hnMY7Gpc/n8D4qSCJw8QqFWXf7cuAgnEHxBpweaVcPevC2l3KpjYCx3NypQQgaJg==
  
  dset@^3.1.2:
    version "3.1.2"
    resolved "https://registry.npmjs.org/dset/-/dset-3.1.2.tgz"
    integrity sha512-g/M9sqy3oHe477Ar4voQxWtaPIFw1jTdKZuomOjhCcBx9nHUNn0pu6NopuFFrTh/TRZIKEj+76vLWFu9BNKk+Q==
  
  ee-first@1.1.1:
    version "1.1.1"
    resolved "https://registry.npmjs.org/ee-first/-/ee-first-1.1.1.tgz"
    integrity sha512-WMwm9LhRUo+WUaRN+vRuETqG89IgZphVSNkdFgeb6sS/E4OrDIN7t48CAewSHXc6C8lefD8KKfr5vY61brQlow==
  
  emoji-regex@^8.0.0:
    version "8.0.0"
    resolved "https://registry.npmjs.org/emoji-regex/-/emoji-regex-8.0.0.tgz"
    integrity sha512-MSjYzcWNOA0ewAHpz0MxpYFvwg6yjy1NG3xteoqz644VCo/RPgnr1/GGt+ic3iJTzQ8Eu3TdM14SawnVUmGE6A==
  
  encodeurl@~1.0.2:
    version "1.0.2"
    resolved "https://registry.npmjs.org/encodeurl/-/encodeurl-1.0.2.tgz"
    integrity sha512-TPJXq8JqFaVYm2CWmPvnP2Iyo4ZSM7/QKcSmuMLDObfpH5fi7RUGmd/rTDf+rut/saiDiQEeVTNgAmJEdAOx0w==
  
  escalade@^3.1.1:
    version "3.1.1"
    resolved "https://registry.npmjs.org/escalade/-/escalade-3.1.1.tgz"
    integrity sha512-k0er2gUkLf8O0zKJiAhmkTnJlTvINGv7ygDNPbeIsX/TJjGJZHuh9B2UxbsaEkmlEo9MfhrSzmhIlhRlI2GXnw==
  
  escape-html@~1.0.3:
    version "1.0.3"
    resolved "https://registry.npmjs.org/escape-html/-/escape-html-1.0.3.tgz"
    integrity sha512-NiSupZ4OeuGwr68lGIeym/ksIZMJodUGOSCZ/FSnTxcrekbvqrgdUxlJOMpijaKZVjAJrWrGs/6Jy8OMuyj9ow==
  
  etag@~1.8.1:
    version "1.8.1"
    resolved "https://registry.npmjs.org/etag/-/etag-1.8.1.tgz"
    integrity sha512-aIL5Fx7mawVa300al2BnEE4iNvo1qETxLrPI/o05L7z6go7fCw1J6EQmbK4FmJ2AS7kgVF/KEZWufBfdClMcPg==
  
  express@^4.17.1, express@^4.18.2:
    version "4.18.2"
    resolved "https://registry.npmjs.org/express/-/express-4.18.2.tgz"
    integrity sha512-5/PsL6iGPdfQ/lKM1UuielYgv3BUoJfz1aUwU9vHZ+J7gyvwdQXFEBIEIaxeGf0GIcreATNyBExtalisDbuMqQ==
    dependencies:
      accepts "~1.3.8"
      array-flatten "1.1.1"
      body-parser "1.20.1"
      content-disposition "0.5.4"
      content-type "~1.0.4"
      cookie "0.5.0"
      cookie-signature "1.0.6"
      debug "2.6.9"
      depd "2.0.0"
      encodeurl "~1.0.2"
      escape-html "~1.0.3"
      etag "~1.8.1"
      finalhandler "1.2.0"
      fresh "0.5.2"
      http-errors "2.0.0"
      merge-descriptors "1.0.1"
      methods "~1.1.2"
      on-finished "2.4.1"
      parseurl "~1.3.3"
      path-to-regexp "0.1.7"
      proxy-addr "~2.0.7"
      qs "6.11.0"
      range-parser "~1.2.1"
      safe-buffer "5.2.1"
      send "0.18.0"
      serve-static "1.15.0"
      setprototypeof "1.2.0"
      statuses "2.0.1"
      type-is "~1.6.18"
      utils-merge "1.0.1"
      vary "~1.1.2"
  
  faye-websocket@0.11.4:
    version "0.11.4"
    resolved "https://registry.npmjs.org/faye-websocket/-/faye-websocket-0.11.4.tgz"
    integrity sha512-CzbClwlXAuiRQAlUyfqPgvPoNKTckTPGfwZV4ZdAhVcP2lh9KUxJg2b5GkE7XbjKQ3YJnQ9z6D9ntLAlB+tP8g==
    dependencies:
      websocket-driver ">=0.5.1"
  
  finalhandler@1.2.0:
    version "1.2.0"
    resolved "https://registry.npmjs.org/finalhandler/-/finalhandler-1.2.0.tgz"
    integrity sha512-5uXcUVftlQMFnWC9qu/svkWv3GTd2PfUhK/3PLkYNAe7FbqJMt3515HaxE6eRL74GdsriiwujiawdaB1BpEISg==
    dependencies:
      debug "2.6.9"
      encodeurl "~1.0.2"
      escape-html "~1.0.3"
      on-finished "2.4.1"
      parseurl "~1.3.3"
      statuses "2.0.1"
      unpipe "~1.0.0"
  
  firebase@^10.3.1:
    version "10.3.1"
    resolved "https://registry.npmjs.org/firebase/-/firebase-10.3.1.tgz"
    integrity sha512-lUk1X0SQocShyIwz5x9mj829Yn1y4Y9KWriGLZ0/Pbwqt4ZxElx8rI1p/YAi4MZTtT1qi0wazo7dAlmuF6J0Aw==
    dependencies:
      "@firebase/analytics" "0.10.0"
      "@firebase/analytics-compat" "0.2.6"
      "@firebase/app" "0.9.18"
      "@firebase/app-check" "0.8.0"
      "@firebase/app-check-compat" "0.3.7"
      "@firebase/app-compat" "0.2.18"
      "@firebase/app-types" "0.9.0"
      "@firebase/auth" "1.3.0"
      "@firebase/auth-compat" "0.4.6"
      "@firebase/database" "1.0.1"
      "@firebase/database-compat" "1.0.1"
      "@firebase/firestore" "4.1.3"
      "@firebase/firestore-compat" "0.3.17"
      "@firebase/functions" "0.10.0"
      "@firebase/functions-compat" "0.3.5"
      "@firebase/installations" "0.6.4"
      "@firebase/installations-compat" "0.2.4"
      "@firebase/messaging" "0.12.4"
      "@firebase/messaging-compat" "0.2.4"
      "@firebase/performance" "0.6.4"
      "@firebase/performance-compat" "0.2.4"
      "@firebase/remote-config" "0.4.4"
      "@firebase/remote-config-compat" "0.2.4"
      "@firebase/storage" "0.11.2"
      "@firebase/storage-compat" "0.3.2"
      "@firebase/util" "1.9.3"
  
  form-data@^3.0.0:
    version "3.0.1"
    resolved "https://registry.npmjs.org/form-data/-/form-data-3.0.1.tgz"
    integrity sha512-RHkBKtLWUVwd7SqRIvCZMEvAMoGUp0XU+seQiZejj0COz3RI3hWP4sCv3gZWWLjJTd7rGwcsF5eKZGii0r/hbg==
    dependencies:
      asynckit "^0.4.0"
      combined-stream "^1.0.8"
      mime-types "^2.1.12"
  
  forwarded@0.2.0:
    version "0.2.0"
    resolved "https://registry.npmjs.org/forwarded/-/forwarded-0.2.0.tgz"
    integrity sha512-buRG0fpBtRHSTCOASe6hD258tEubFoRLb4ZNA6NxMVHNw2gOcwHo9wyablzMzOA5z9xA9L1KNjk/Nt6MT9aYow==
  
  fresh@0.5.2:
    version "0.5.2"
    resolved "https://registry.npmjs.org/fresh/-/fresh-0.5.2.tgz"
    integrity sha512-zJ2mQYM18rEFOudeV4GShTGIQ7RbzA7ozbU9I/XBpm7kqgMywgmylMwXHxZJmkVoYkna9d2pVXVXPdYTP9ej8Q==
  
  function-bind@^1.1.1:
    version "1.1.1"
    resolved "https://registry.npmjs.org/function-bind/-/function-bind-1.1.1.tgz"
    integrity sha512-yIovAzMX49sF8Yl58fSCWJ5svSLuaibPxXQJFLmBObTuCr0Mf1KiPopGM9NiFjiYBCbfaa2Fh6breQ6ANVTI0A==
  
  get-caller-file@^2.0.5:
    version "2.0.5"
    resolved "https://registry.npmjs.org/get-caller-file/-/get-caller-file-2.0.5.tgz"
    integrity sha512-DyFP3BM/3YHTQOCUL/w0OZHR0lpKeGrxotcHWcqNEdnltqFwXVfhEBQ94eIo34AfQpo0rGki4cyIiftY06h2Fg==
  
  get-intrinsic@^1.0.2:
    version "1.2.1"
    resolved "https://registry.npmjs.org/get-intrinsic/-/get-intrinsic-1.2.1.tgz"
    integrity sha512-2DcsyfABl+gVHEfCOaTrWgyt+tb6MSEGmKq+kI5HwLbIYgjgmMcV8KQ41uaKz1xxUcn9tJtgFbQUEVcEbd0FYw==
    dependencies:
      function-bind "^1.1.1"
      has "^1.0.3"
      has-proto "^1.0.1"
      has-symbols "^1.0.3"
  
  graphql-subscriptions@^2.0.0:
    version "2.0.0"
    resolved "https://registry.yarnpkg.com/graphql-subscriptions/-/graphql-subscriptions-2.0.0.tgz#11ec181d475852d8aec879183e8e1eb94f2eb79a"
    integrity sha512-s6k2b8mmt9gF9pEfkxsaO1lTxaySfKoEJzEfmwguBbQ//Oq23hIXCfR1hm4kdh5hnR20RdwB+s3BCb+0duHSZA==
    dependencies:
      iterall "^1.3.0"
  
  graphql-ws@^5.14.0:
    version "5.14.0"
    resolved "https://registry.npmjs.org/graphql-ws/-/graphql-ws-5.14.0.tgz"
    integrity sha512-itrUTQZP/TgswR4GSSYuwWUzrE/w5GhbwM2GX3ic2U7aw33jgEsayfIlvaj7/GcIvZgNMzsPTrE5hqPuFUiE5g==
  
  graphql@*, graphql@^16.8.0:
    version "16.8.0"
    resolved "https://registry.npmjs.org/graphql/-/graphql-16.8.0.tgz"
    integrity sha512-0oKGaR+y3qcS5mCu1vb7KG+a89vjn06C7Ihq/dDl3jA+A8B3TKomvi3CiEcVLJQGalbu8F52LxkOym7U5sSfbg==
  
  has-proto@^1.0.1:
    version "1.0.1"
    resolved "https://registry.npmjs.org/has-proto/-/has-proto-1.0.1.tgz"
    integrity sha512-7qE+iP+O+bgF9clE5+UoBFzE65mlBiVj3tKCrlNQ0Ogwm0BjpT/gK4SlLYDMybDh5I3TCTKnPPa0oMG7JDYrhg==
  
  has-symbols@^1.0.3:
    version "1.0.3"
    resolved "https://registry.npmjs.org/has-symbols/-/has-symbols-1.0.3.tgz"
    integrity sha512-l3LCuF6MgDNwTDKkdYGEihYjt5pRPbEg46rtlmnSPlUbgmB8LOIrKJbYYFBSbnPaJexMKtiPO8hmeRjRz2Td+A==
  
  has@^1.0.3:
    version "1.0.3"
    resolved "https://registry.npmjs.org/has/-/has-1.0.3.tgz"
    integrity sha512-f2dvO0VU6Oej7RkWJGrehjbzMAjFp5/VKPp5tTpWIV4JHHZK1/BxbFRtf/siA2SWTe09caDmVtYYzWEIbBS4zw==
    dependencies:
      function-bind "^1.1.1"
  
  http-errors@2.0.0:
    version "2.0.0"
    resolved "https://registry.npmjs.org/http-errors/-/http-errors-2.0.0.tgz"
    integrity sha512-FtwrG/euBzaEjYeRqOgly7G0qviiXoJWnvEH2Z1plBdXgbyjv34pHTSb9zoeHMyDy33+DWy5Wt9Wo+TURtOYSQ==
    dependencies:
      depd "2.0.0"
      inherits "2.0.4"
      setprototypeof "1.2.0"
      statuses "2.0.1"
      toidentifier "1.0.1"
  
  http-parser-js@>=0.5.1:
    version "0.5.8"
    resolved "https://registry.npmjs.org/http-parser-js/-/http-parser-js-0.5.8.tgz"
    integrity sha512-SGeBX54F94Wgu5RH3X5jsDtf4eHyRogWX1XGT3b4HuW3tQPM4AaBzoUji/4AAJNXCEOWZ5O0DgZmJw1947gD5Q==
  
  iconv-lite@0.4.24:
    version "0.4.24"
    resolved "https://registry.npmjs.org/iconv-lite/-/iconv-lite-0.4.24.tgz"
    integrity sha512-v3MXnZAcvnywkTUEZomIActle7RXXeedOR31wwl7VlyoXO4Qi9arvSenNQWne1TcRwhCL1HwLI21bEqdpj8/rA==
    dependencies:
      safer-buffer ">= 2.1.2 < 3"
  
  idb@7.0.1:
    version "7.0.1"
    resolved "https://registry.npmjs.org/idb/-/idb-7.0.1.tgz"
    integrity sha512-UUxlE7vGWK5RfB/fDwEGgRf84DY/ieqNha6msMV99UsEMQhJ1RwbCd8AYBj3QMgnE3VZnfQvm4oKVCJTYlqIgg==
  
  idb@7.1.1:
    version "7.1.1"
    resolved "https://registry.npmjs.org/idb/-/idb-7.1.1.tgz"
    integrity sha512-gchesWBzyvGHRO9W8tzUWFDycow5gwjvFKfyV9FF32Y7F50yZMp7mP+T2mJIWFx49zicqyC4uefHM17o6xKIVQ==
  
  inherits@2.0.4, inherits@^2.0.1:
    version "2.0.4"
    resolved "https://registry.npmjs.org/inherits/-/inherits-2.0.4.tgz"
    integrity sha512-k/vGaX4/Yla3WzyMCvTQOXYeIHvqOKtnqBduzTHpzpQZzAskKMhZ2K+EnBiSM9zGSoIFeMpXKxa4dYeZIQqewQ==
  
  ipaddr.js@1.9.1:
    version "1.9.1"
    resolved "https://registry.npmjs.org/ipaddr.js/-/ipaddr.js-1.9.1.tgz"
    integrity sha512-0KI/607xoxSToH7GjN1FfSbLoU0+btTicjsQSWQlh/hZykN8KpmMf7uYwPW3R+akZ6R/w18ZlXSHBYXiYUPO3g==
  
  is-fullwidth-code-point@^3.0.0:
    version "3.0.0"
    resolved "https://registry.npmjs.org/is-fullwidth-code-point/-/is-fullwidth-code-point-3.0.0.tgz"
    integrity sha512-zymm5+u+sCsSWyD9qNaejV3DFvhCKclKdizYaJUuHA83RLjb7nSuGnddCHGv0hk+KY7BMAlsWeK4Ueg6EV6XQg==
  
  iterall@^1.3.0:
    version "1.3.0"
    resolved "https://registry.yarnpkg.com/iterall/-/iterall-1.3.0.tgz#afcb08492e2915cbd8a0884eb93a8c94d0d72fea"
    integrity sha512-QZ9qOMdF+QLHxy1QIpUHUU1D5pS2CG2P69LF6L6CPjPYA/XMOmKV3PZpawHoAjHNyB0swdVTRxdYT4tbBbxqwg==
  
  lodash.camelcase@^4.3.0:
    version "4.3.0"
    resolved "https://registry.npmjs.org/lodash.camelcase/-/lodash.camelcase-4.3.0.tgz"
    integrity sha512-TwuEnCnxbc3rAvhf/LbG7tJUDzhqXyFnv3dtzLOPgCG/hODL7WFnsbwktkD7yUV0RrreP/l1PALq/YSg6VvjlA==
  
  lodash.sortby@^4.7.0:
    version "4.7.0"
    resolved "https://registry.npmjs.org/lodash.sortby/-/lodash.sortby-4.7.0.tgz"
    integrity sha512-HDWXG8isMntAyRF5vZ7xKuEvOhT4AhlRt/3czTSjvGUxjYCBVRQY48ViDHyfYz9VIoBkW4TMGQNapx+l3RUwdA==
  
  loglevel@^1.6.8:
    version "1.8.1"
    resolved "https://registry.npmjs.org/loglevel/-/loglevel-1.8.1.tgz"
    integrity sha512-tCRIJM51SHjAayKwC+QAg8hT8vg6z7GSgLJKGvzuPb1Wc+hLzqtuVLxp6/HzSPOozuK+8ErAhy7U/sVzw8Dgfg==
  
  long@^4.0.0:
    version "4.0.0"
    resolved "https://registry.npmjs.org/long/-/long-4.0.0.tgz"
    integrity sha512-XsP+KhQif4bjX1kbuSiySJFNAehNxgLb6hPRGJ9QsUr8ajHkuXGdrHmFUTUUXhDwVX2R5bY4JNZEwbUiMhV+MA==
  
  long@^5.0.0:
    version "5.2.3"
    resolved "https://registry.npmjs.org/long/-/long-5.2.3.tgz"
    integrity sha512-lcHwpNoggQTObv5apGNCTdJrO69eHOZMi4BNC+rTLER8iHAqGrUVeLh/irVIM7zTw2bOXA8T6uNPeujwOLg/2Q==
  
  lru-cache@^7.10.1, lru-cache@^7.14.1:
    version "7.18.3"
    resolved "https://registry.npmjs.org/lru-cache/-/lru-cache-7.18.3.tgz"
    integrity sha512-jumlc0BIUrS3qJGgIkWZsyfAM7NCWiBcCDhnd+3NNM5KbBmLTgHVfWBcg6W+rLUsIpzpERPsvwUP7CckAQSOoA==
  
  media-typer@0.3.0:
    version "0.3.0"
    resolved "https://registry.npmjs.org/media-typer/-/media-typer-0.3.0.tgz"
    integrity sha512-dq+qelQ9akHpcOl/gUVRTxVIOkAJ1wR3QAvb4RsVjS8oVoFjDGTc679wJYmUmknUF5HwMLOgb5O+a3KxfWapPQ==
  
  merge-descriptors@1.0.1:
    version "1.0.1"
    resolved "https://registry.npmjs.org/merge-descriptors/-/merge-descriptors-1.0.1.tgz"
    integrity sha512-cCi6g3/Zr1iqQi6ySbseM1Xvooa98N0w31jzUYrXPX2xqObmFGHJ0tQ5u74H3mVh7wLouTseZyYIq39g8cNp1w==
  
  methods@~1.1.2:
    version "1.1.2"
    resolved "https://registry.npmjs.org/methods/-/methods-1.1.2.tgz"
    integrity sha512-iclAHeNqNm68zFtnZ0e+1L2yUIdvzNoauKU4WBA3VvH/vPFieF7qfRlwUZU+DA9P9bPXIS90ulxoUoCH23sV2w==
  
  mime-db@1.52.0:
    version "1.52.0"
    resolved "https://registry.npmjs.org/mime-db/-/mime-db-1.52.0.tgz"
    integrity sha512-sPU4uV7dYlvtWJxwwxHD0PuihVNiE7TyAbQ5SWxDCB9mUYvOgroQOwYQQOKPJ8CIbE+1ETVlOoK1UC2nU3gYvg==
  
  mime-types@^2.1.12, mime-types@~2.1.24, mime-types@~2.1.34:
    version "2.1.35"
    resolved "https://registry.npmjs.org/mime-types/-/mime-types-2.1.35.tgz"
    integrity sha512-ZDY+bPm5zTTF+YpCrAU9nK0UgICYPT0QtT1NZWFv4s++TNkcgVaT0g6+4R2uI4MjQjzysHB1zxuWL50hzaeXiw==
    dependencies:
      mime-db "1.52.0"
  
  mime@1.6.0:
    version "1.6.0"
    resolved "https://registry.npmjs.org/mime/-/mime-1.6.0.tgz"
    integrity sha512-x0Vn8spI+wuJ1O6S7gnbaQg8Pxh4NNHb7KSINmEWKiPE4RKOplvijn+NkmYmmRgP68mc70j2EbeTFRsrswaQeg==
  
  ms@2.0.0:
    version "2.0.0"
    resolved "https://registry.npmjs.org/ms/-/ms-2.0.0.tgz"
    integrity sha512-Tpp60P6IUJDTuOq/5Z8cdskzJujfwqfOTkrwIwj7IRISpnkJnT6SyJ4PCPnGMoFjC9ddhal5KVIYtAt97ix05A==
  
  ms@2.1.3:
    version "2.1.3"
    resolved "https://registry.npmjs.org/ms/-/ms-2.1.3.tgz"
    integrity sha512-6FlzubTLZG3J2a/NVCAleEhjzq5oxgHyaCU9yYXvcLsvoVaHJq/s5xXI6/XXP6tz7R9xAOtHnSO/tXtF3WRTlA==
  
  negotiator@0.6.3, negotiator@^0.6.3:
    version "0.6.3"
    resolved "https://registry.npmjs.org/negotiator/-/negotiator-0.6.3.tgz"
    integrity sha512-+EUsqGPLsM+j/zdChZjsnX51g4XrHFOIXwfnCVPGlQk/k5giakcKsuxCObBRu6DSm9opw/O6slWbJdghQM4bBg==
  
  node-abort-controller@^3.1.1:
    version "3.1.1"
    resolved "https://registry.npmjs.org/node-abort-controller/-/node-abort-controller-3.1.1.tgz"
    integrity sha512-AGK2yQKIjRuqnc6VkX2Xj5d+QW8xZ87pa1UK6yA6ouUyuxfHuMP6umE5QK7UmTeOAymo+Zx1Fxiuw9rVx8taHQ==
  
  node-fetch@2.6.7:
    version "2.6.7"
    resolved "https://registry.npmjs.org/node-fetch/-/node-fetch-2.6.7.tgz"
    integrity sha512-ZjMPFEfVx5j+y2yF35Kzx5sF7kDzxuDj6ziH4FFbOp87zKDZNx8yExJIb05OGF4Nlt9IHFIMBkRl41VdvcNdbQ==
    dependencies:
      whatwg-url "^5.0.0"
  
  node-fetch@^2.6.7:
    version "2.7.0"
    resolved "https://registry.npmjs.org/node-fetch/-/node-fetch-2.7.0.tgz"
    integrity sha512-c4FRfUm/dbcWZ7U+1Wq0AwCyFL+3nt2bEw05wfxSz+DWpWsitgmSgYmy2dQdWyKC1694ELPqMs/YzUSNozLt8A==
    dependencies:
      whatwg-url "^5.0.0"
  
  object-assign@^4:
    version "4.1.1"
    resolved "https://registry.npmjs.org/object-assign/-/object-assign-4.1.1.tgz"
    integrity sha512-rJgTQnkUnH1sFw8yT6VSU3zD3sWmu6sZhIseY8VX+GRu3P6F7Fu+JNDoXfklElbLJSnc3FUQHVe4cU5hj+BcUg==
  
  object-inspect@^1.9.0:
    version "1.12.3"
    resolved "https://registry.npmjs.org/object-inspect/-/object-inspect-1.12.3.tgz"
    integrity sha512-geUvdk7c+eizMNUDkRpW1wJwgfOiOeHbxBR/hLXK1aT6zmVSO0jsQcs7fj6MGw89jC/cjGfLcNOrtMYtGqm81g==
  
  on-finished@2.4.1:
    version "2.4.1"
    resolved "https://registry.npmjs.org/on-finished/-/on-finished-2.4.1.tgz"
    integrity sha512-oVlzkg3ENAhCk2zdv7IJwd/QUD4z2RxRwpkcGY8psCVcCYZNq4wYnVWALHM+brtuJjePWiYF/ClmuDr8Ch5+kg==
    dependencies:
      ee-first "1.1.1"
  
  parseurl@~1.3.3:
    version "1.3.3"
    resolved "https://registry.npmjs.org/parseurl/-/parseurl-1.3.3.tgz"
    integrity sha512-CiyeOxFT/JZyN5m0z9PfXw4SCBJ6Sygz1Dpl0wqjlhDEGGBP1GnsUVEL0p63hoG1fcj3fHynXi9NYO4nWOL+qQ==
  
  path-to-regexp@0.1.7:
    version "0.1.7"
    resolved "https://registry.npmjs.org/path-to-regexp/-/path-to-regexp-0.1.7.tgz"
    integrity sha512-5DFkuoqlv1uYQKxy8omFBeJPQcdoE07Kv2sferDCrAq1ohOU+MSDswDIbnx3YAM60qIOnYa53wBhXW0EbMonrQ==
  
  protobufjs@^7.2.4:
    version "7.2.5"
    resolved "https://registry.npmjs.org/protobufjs/-/protobufjs-7.2.5.tgz"
    integrity sha512-gGXRSXvxQ7UiPgfw8gevrfRWcTlSbOFg+p/N+JVJEK5VhueL2miT6qTymqAmjr1Q5WbOCyJbyrk6JfWKwlFn6A==
    dependencies:
      "@protobufjs/aspromise" "^1.1.2"
      "@protobufjs/base64" "^1.1.2"
      "@protobufjs/codegen" "^2.0.4"
      "@protobufjs/eventemitter" "^1.1.0"
      "@protobufjs/fetch" "^1.1.0"
      "@protobufjs/float" "^1.0.2"
      "@protobufjs/inquire" "^1.1.0"
      "@protobufjs/path" "^1.1.2"
      "@protobufjs/pool" "^1.1.0"
      "@protobufjs/utf8" "^1.1.0"
      "@types/node" ">=13.7.0"
      long "^5.0.0"
  
  proxy-addr@~2.0.7:
    version "2.0.7"
    resolved "https://registry.npmjs.org/proxy-addr/-/proxy-addr-2.0.7.tgz"
    integrity sha512-llQsMLSUDUPT44jdrU/O37qlnifitDP+ZwrmmZcoSKyLKvtZxpyV0n2/bD/N4tBAAZ/gJEdZU7KMraoK1+XYAg==
    dependencies:
      forwarded "0.2.0"
      ipaddr.js "1.9.1"
  
  qs@6.11.0:
    version "6.11.0"
    resolved "https://registry.npmjs.org/qs/-/qs-6.11.0.tgz"
    integrity sha512-MvjoMCJwEarSbUYk5O+nmoSzSutSsTwF85zcHPQ9OrlFoZOYIjaqBAJIqIXjptyD5vThxGq52Xu/MaJzRkIk4Q==
    dependencies:
      side-channel "^1.0.4"
  
  range-parser@~1.2.1:
    version "1.2.1"
    resolved "https://registry.npmjs.org/range-parser/-/range-parser-1.2.1.tgz"
    integrity sha512-Hrgsx+orqoygnmhFbKaHE6c296J+HTAQXoxEF6gNupROmmGJRoyzfG3ccAveqCBrwr/2yxQ5BVd/GTl5agOwSg==
  
  raw-body@2.5.1:
    version "2.5.1"
    resolved "https://registry.npmjs.org/raw-body/-/raw-body-2.5.1.tgz"
    integrity sha512-qqJBtEyVgS0ZmPGdCFPWJ3FreoqvG4MVQln/kCgF7Olq95IbOp0/BWyMwbdtn4VTvkM8Y7khCQ2Xgk/tcrCXig==
    dependencies:
      bytes "3.1.2"
      http-errors "2.0.0"
      iconv-lite "0.4.24"
      unpipe "1.0.0"
  
  raw-body@2.5.2:
    version "2.5.2"
    resolved "https://registry.npmjs.org/raw-body/-/raw-body-2.5.2.tgz"
    integrity sha512-8zGqypfENjCIqGhgXToC8aB2r7YrBX+AQAfIPs/Mlk+BtPTztOvTS01NRW/3Eh60J+a48lt8qsCzirQ6loCVfA==
    dependencies:
      bytes "3.1.2"
      http-errors "2.0.0"
      iconv-lite "0.4.24"
      unpipe "1.0.0"
  
  require-directory@^2.1.1:
    version "2.1.1"
    resolved "https://registry.npmjs.org/require-directory/-/require-directory-2.1.1.tgz"
    integrity sha512-fGxEI7+wsG9xrvdjsrlmL22OMTTiHRwAMroiEeMgq8gzoLC/PQr7RsRDSTLUg/bZAZtF+TVIkHc6/4RIKrui+Q==
  
  retry@0.13.1:
    version "0.13.1"
    resolved "https://registry.npmjs.org/retry/-/retry-0.13.1.tgz"
    integrity sha512-XQBQ3I8W1Cge0Seh+6gjj03LbmRFWuoszgK9ooCpwYIrhhoO80pfq4cUkU5DkknwfOfFteRwlZ56PYOGYyFWdg==
  
  safe-buffer@5.2.1, safe-buffer@>=5.1.0, safe-buffer@^5.0.1:
    version "5.2.1"
    resolved "https://registry.npmjs.org/safe-buffer/-/safe-buffer-5.2.1.tgz"
    integrity sha512-rp3So07KcdmmKbGvgaNxQSJr7bGVSVk5S9Eq1F+ppbRo70+YeaDxkw5Dd8NPN+GD6bjnYm2VuPuCXmpuYvmCXQ==
  
  "safer-buffer@>= 2.1.2 < 3":
    version "2.1.2"
    resolved "https://registry.npmjs.org/safer-buffer/-/safer-buffer-2.1.2.tgz"
    integrity sha512-YZo3K82SD7Riyi0E1EQPojLz7kpepnSQI9IyPbHHg1XXXevb5dJI7tpyN2ADxGcQbHG7vcyRHk0cbwqcQriUtg==
  
  send@0.18.0:
    version "0.18.0"
    resolved "https://registry.npmjs.org/send/-/send-0.18.0.tgz"
    integrity sha512-qqWzuOjSFOuqPjFe4NOsMLafToQQwBSOEpS+FwEt3A2V3vKubTquT3vmLTQpFgMXp8AlFWFuP1qKaJZOtPpVXg==
    dependencies:
      debug "2.6.9"
      depd "2.0.0"
      destroy "1.2.0"
      encodeurl "~1.0.2"
      escape-html "~1.0.3"
      etag "~1.8.1"
      fresh "0.5.2"
      http-errors "2.0.0"
      mime "1.6.0"
      ms "2.1.3"
      on-finished "2.4.1"
      range-parser "~1.2.1"
      statuses "2.0.1"
  
  serve-static@1.15.0:
    version "1.15.0"
    resolved "https://registry.npmjs.org/serve-static/-/serve-static-1.15.0.tgz"
    integrity sha512-XGuRDNjXUijsUL0vl6nSD7cwURuzEgglbOaFuZM9g3kwDXOWVTck0jLzjPzGD+TazWbboZYu52/9/XPdUgne9g==
    dependencies:
      encodeurl "~1.0.2"
      escape-html "~1.0.3"
      parseurl "~1.3.3"
      send "0.18.0"
  
  setprototypeof@1.2.0:
    version "1.2.0"
    resolved "https://registry.npmjs.org/setprototypeof/-/setprototypeof-1.2.0.tgz"
    integrity sha512-E5LDX7Wrp85Kil5bhZv46j8jOeboKq5JMmYM3gVGdGH8xFpPWXUMsNrlODCrkoxMEeNi/XZIwuRvY4XNwYMJpw==
  
  sha.js@^2.4.11:
    version "2.4.11"
    resolved "https://registry.npmjs.org/sha.js/-/sha.js-2.4.11.tgz"
    integrity sha512-QMEp5B7cftE7APOjk5Y6xgrbWu+WkLVQwk8JNjZ8nKRciZaByEW6MubieAiToS7+dwvrjGhH8jRXz3MVd0AYqQ==
    dependencies:
      inherits "^2.0.1"
      safe-buffer "^5.0.1"
  
  side-channel@^1.0.4:
    version "1.0.4"
    resolved "https://registry.npmjs.org/side-channel/-/side-channel-1.0.4.tgz"
    integrity sha512-q5XPytqFEIKHkGdiMIrY10mvLRvnQh42/+GoBlFW3b2LXLE2xxJpZFdm94we0BaoV3RwJyGqg5wS7epxTv0Zvw==
    dependencies:
      call-bind "^1.0.0"
      get-intrinsic "^1.0.2"
      object-inspect "^1.9.0"
  
  statuses@2.0.1:
    version "2.0.1"
    resolved "https://registry.npmjs.org/statuses/-/statuses-2.0.1.tgz"
    integrity sha512-RwNA9Z/7PrK06rYLIzFMlaF+l73iwpzsqRIFgbMLbTcLD6cOao82TaWefPXQvB2fOC4AjuYSEndS7N/mTCbkdQ==
  
  string-width@^4.1.0, string-width@^4.2.0, string-width@^4.2.3:
    version "4.2.3"
    resolved "https://registry.npmjs.org/string-width/-/string-width-4.2.3.tgz"
    integrity sha512-wKyQRQpjJ0sIp62ErSZdGsjMJWsap5oRNihHhu6G7JVO/9jIB6UyevL+tXuOqrng8j/cxKTWyWUwvSTriiZz/g==
    dependencies:
      emoji-regex "^8.0.0"
      is-fullwidth-code-point "^3.0.0"
      strip-ansi "^6.0.1"
  
  strip-ansi@^6.0.0, strip-ansi@^6.0.1:
    version "6.0.1"
    resolved "https://registry.npmjs.org/strip-ansi/-/strip-ansi-6.0.1.tgz"
    integrity sha512-Y38VPSHcqkFrCpFnQ9vuSXmquuv5oXOKpGeT6aGrr3o3Gc9AlVa6JBfUSOCnbxGGZF+/0ooI7KrPuUSztUdU5A==
    dependencies:
      ansi-regex "^5.0.1"
  
  toidentifier@1.0.1:
    version "1.0.1"
    resolved "https://registry.npmjs.org/toidentifier/-/toidentifier-1.0.1.tgz"
    integrity sha512-o5sSPKEkg/DIQNmH43V0/uerLrpzVedkUh8tGNvaeXpfpuwjKenlSox/2O/BTlZUtEe+JG7s5YhEz608PlAHRA==
  
  tr46@~0.0.3:
    version "0.0.3"
    resolved "https://registry.npmjs.org/tr46/-/tr46-0.0.3.tgz"
    integrity sha512-N3WMsuqV66lT30CrXNbEjx4GEwlow3v6rr4mCcv6prnfwhS01rkgyFdjPNBYd9br7LpXV1+Emh01fHnq2Gdgrw==
  
  tslib@^2.1.0, tslib@^2.4.0:
    version "2.6.2"
    resolved "https://registry.npmjs.org/tslib/-/tslib-2.6.2.tgz"
    integrity sha512-AEYxH93jGFPn/a2iVAwW87VuUIkR1FVUKB77NwMF7nBTDkDrrT/Hpt/IrCJ0QXhW27jTBDcf5ZY7w6RiqTMw2Q==
  
  type-is@~1.6.18:
    version "1.6.18"
    resolved "https://registry.npmjs.org/type-is/-/type-is-1.6.18.tgz"
    integrity sha512-TkRKr9sUTxEH8MdfuCSP7VizJyzRNMjj2J2do2Jr3Kym598JVdEksuzPQCnlFPW4ky9Q+iA+ma9BGm06XQBy8g==
    dependencies:
      media-typer "0.3.0"
      mime-types "~2.1.24"
  
  typescript@^5.2.2:
    version "5.2.2"
    resolved "https://registry.npmjs.org/typescript/-/typescript-5.2.2.tgz"
    integrity sha512-mI4WrpHsbCIcwT9cF4FZvr80QUeKvsUsUvKDoR+X/7XHQH98xYD8YHZg7ANtz2GtZt/CBq2QJ0thkGJMHfqc1w==
  
  unpipe@1.0.0, unpipe@~1.0.0:
    version "1.0.0"
    resolved "https://registry.npmjs.org/unpipe/-/unpipe-1.0.0.tgz"
    integrity sha512-pjy2bYhSsufwWlKwPc+l3cN7+wuJlK6uz0YdJEOlQDbl6jo/YlPi4mb8agUkVC8BF7V8NuzeyPNqRksA3hztKQ==
  
  utils-merge@1.0.1:
    version "1.0.1"
    resolved "https://registry.npmjs.org/utils-merge/-/utils-merge-1.0.1.tgz"
    integrity sha512-pMZTvIkT1d+TFGvDOqodOclx0QWkkgi6Tdoa8gC8ffGAAqz9pzPTZWAybbsHHoED/ztMtkv/VoYTYyShUn81hA==
  
  uuid@^9.0.0:
    version "9.0.0"
    resolved "https://registry.npmjs.org/uuid/-/uuid-9.0.0.tgz"
    integrity sha512-MXcSTerfPa4uqyzStbRoTgt5XIe3x5+42+q1sDuy3R5MDk66URdLMOZe5aPX/SQd+kuYAh0FdP/pO28IkQyTeg==
  
  value-or-promise@^1.0.12:
    version "1.0.12"
    resolved "https://registry.npmjs.org/value-or-promise/-/value-or-promise-1.0.12.tgz"
    integrity sha512-Z6Uz+TYwEqE7ZN50gwn+1LCVo9ZVrpxRPOhOLnncYkY1ZzOYtrX8Fwf/rFktZ8R5mJms6EZf5TqNOMeZmnPq9Q==
  
  vary@^1, vary@~1.1.2:
    version "1.1.2"
    resolved "https://registry.npmjs.org/vary/-/vary-1.1.2.tgz"
    integrity sha512-BNGbWLfd0eUPabhkXUVm0j8uuvREyTh5ovRa/dyow/BqAbZJyC+5fU+IzQOzmAKzYqYRAISoRhdQr3eIZ/PXqg==
  
  webidl-conversions@^3.0.0:
    version "3.0.1"
    resolved "https://registry.npmjs.org/webidl-conversions/-/webidl-conversions-3.0.1.tgz"
    integrity sha512-2JAn3z8AR6rjK8Sm8orRC0h/bcl/DqL7tRPdGZ4I1CjdF+EaMLmYxBHyXuKL849eucPFhvBoxMsflfOb8kxaeQ==
  
  websocket-driver@>=0.5.1:
    version "0.7.4"
    resolved "https://registry.npmjs.org/websocket-driver/-/websocket-driver-0.7.4.tgz"
    integrity sha512-b17KeDIQVjvb0ssuSDF2cYXSg2iztliJ4B9WdsuB6J952qCPKmnVq4DyW5motImXHDC1cBT/1UezrJVsKw5zjg==
    dependencies:
      http-parser-js ">=0.5.1"
      safe-buffer ">=5.1.0"
      websocket-extensions ">=0.1.1"
  
  websocket-extensions@>=0.1.1:
    version "0.1.4"
    resolved "https://registry.npmjs.org/websocket-extensions/-/websocket-extensions-0.1.4.tgz"
    integrity sha512-OqedPIGOfsDlo31UNwYbCFMSaO9m9G/0faIHj5/dZFDMFqPTcx6UwqyOy3COEaEOg/9VsGIpdqn62W5KhoKSpg==
  
  whatwg-mimetype@^3.0.0:
    version "3.0.0"
    resolved "https://registry.npmjs.org/whatwg-mimetype/-/whatwg-mimetype-3.0.0.tgz"
    integrity sha512-nt+N2dzIutVRxARx1nghPKGv1xHikU7HKdfafKkLNLindmPU/ch3U31NOCGGA/dmPcmb1VlofO0vnKAcsm0o/Q==
  
  whatwg-url@^5.0.0:
    version "5.0.0"
    resolved "https://registry.npmjs.org/whatwg-url/-/whatwg-url-5.0.0.tgz"
    integrity sha512-saE57nupxk6v3HY35+jzBwYa0rKSy0XR8JSxZPwgLr7ys0IBzhGviA1/TUGJLmSVqs8pb9AnvICXEuOHLprYTw==
    dependencies:
      tr46 "~0.0.3"
      webidl-conversions "^3.0.0"
  
  wrap-ansi@^7.0.0:
    version "7.0.0"
    resolved "https://registry.npmjs.org/wrap-ansi/-/wrap-ansi-7.0.0.tgz"
    integrity sha512-YVGIj2kamLSTxw6NsZjoBxfSwsn0ycdesmc4p+Q21c5zPuZ1pl+NfxVdxPtdHvmNVOQ6XSYG4AUtyt/Fi7D16Q==
    dependencies:
      ansi-styles "^4.0.0"
      string-width "^4.1.0"
      strip-ansi "^6.0.0"
  
  ws@^8.13.0:
    version "8.13.0"
    resolved "https://registry.npmjs.org/ws/-/ws-8.13.0.tgz"
    integrity sha512-x9vcZYTrFPC7aSIbj7sRCYo7L/Xb8Iy+pW0ng0wt2vCJv7M9HOMy0UoN3rr+IFC7hb7vXoqS+P9ktyLLLhO+LA==
  
  y18n@^5.0.5:
    version "5.0.8"
    resolved "https://registry.npmjs.org/y18n/-/y18n-5.0.8.tgz"
    integrity sha512-0pfFzegeDWJHJIAmTLRP2DwHjdF5s7jo9tuztdQxAhINCdvS+3nGINqPd00AphqJR/0LhANUS6/+7SCb98YOfA==
  
  yargs-parser@^21.1.1:
    version "21.1.1"
    resolved "https://registry.npmjs.org/yargs-parser/-/yargs-parser-21.1.1.tgz"
    integrity sha512-tVpsJW7DdjecAiFpbIB1e3qxIQsE6NoPc5/eTdrbbIC4h0LVsWhnoa3g+m2HclBIujHzsxZ4VJVA+GUuc2/LBw==
  
  yargs@^17.7.2:
    version "17.7.2"
    resolved "https://registry.npmjs.org/yargs/-/yargs-17.7.2.tgz"
    integrity sha512-7dSzzRQ++CKnNI/krKnYRV7JKKPUXMEh61soaHKg9mrWEhzFWhFnxPxGl+69cD1Ou63C13NUPCnmIcrvqCuM6w==
    dependencies:
      cliui "^8.0.1"
      escalade "^3.1.1"
      get-caller-file "^2.0.5"
      require-directory "^2.1.1"
      string-width "^4.2.3"
      y18n "^5.0.5"
      yargs-parser "^21.1.1"
